{"C:\\git\\mind-palace\\apps\\dashboard\\vitest.config.ts": {"path":"C:\\git\\mind-palace\\apps\\dashboard\\vitest.config.ts","all":true,"statementMap":{"0":{"start":{"line":1,"column":0},"end":{"line":1,"column":45}},"1":{"start":{"line":2,"column":0},"end":{"line":2,"column":31}},"3":{"start":{"line":4,"column":0},"end":{"line":4,"column":29}},"4":{"start":{"line":5,"column":0},"end":{"line":5,"column":9}},"5":{"start":{"line":6,"column":0},"end":{"line":6,"column":18}},"6":{"start":{"line":7,"column":0},"end":{"line":7,"column":29}},"7":{"start":{"line":8,"column":0},"end":{"line":8,"column":38}},"8":{"start":{"line":9,"column":0},"end":{"line":9,"column":70}},"9":{"start":{"line":10,"column":0},"end":{"line":10,"column":15}},"10":{"start":{"line":11,"column":0},"end":{"line":11,"column":21}},"11":{"start":{"line":12,"column":0},"end":{"line":12,"column":49}},"12":{"start":{"line":13,"column":0},"end":{"line":13,"column":16}},"13":{"start":{"line":14,"column":0},"end":{"line":14,"column":24}},"14":{"start":{"line":15,"column":0},"end":{"line":15,"column":20}},"15":{"start":{"line":16,"column":0},"end":{"line":16,"column":23}},"16":{"start":{"line":17,"column":0},"end":{"line":17,"column":23}},"17":{"start":{"line":18,"column":0},"end":{"line":18,"column":22}},"18":{"start":{"line":19,"column":0},"end":{"line":19,"column":28}},"19":{"start":{"line":20,"column":0},"end":{"line":20,"column":8}},"20":{"start":{"line":21,"column":0},"end":{"line":21,"column":19}},"21":{"start":{"line":22,"column":0},"end":{"line":22,"column":18}},"22":{"start":{"line":23,"column":0},"end":{"line":23,"column":22}},"23":{"start":{"line":24,"column":0},"end":{"line":24,"column":21}},"24":{"start":{"line":25,"column":0},"end":{"line":25,"column":23}},"25":{"start":{"line":26,"column":0},"end":{"line":26,"column":8}},"26":{"start":{"line":27,"column":0},"end":{"line":27,"column":6}},"27":{"start":{"line":28,"column":0},"end":{"line":28,"column":4}},"28":{"start":{"line":29,"column":0},"end":{"line":29,"column":12}},"29":{"start":{"line":30,"column":0},"end":{"line":30,"column":12}},"30":{"start":{"line":31,"column":0},"end":{"line":31,"column":39}},"31":{"start":{"line":32,"column":0},"end":{"line":32,"column":46}},"32":{"start":{"line":33,"column":0},"end":{"line":33,"column":52}},"33":{"start":{"line":34,"column":0},"end":{"line":34,"column":56}},"34":{"start":{"line":35,"column":0},"end":{"line":35,"column":60}},"35":{"start":{"line":36,"column":0},"end":{"line":36,"column":6}},"36":{"start":{"line":37,"column":0},"end":{"line":37,"column":4}},"37":{"start":{"line":38,"column":0},"end":{"line":38,"column":3}}},"s":{"0":0,"1":0,"3":0,"4":0,"5":0,"6":0,"7":0,"8":0,"9":0,"10":0,"11":0,"12":0,"13":0,"14":0,"15":0,"16":0,"17":0,"18":0,"19":0,"20":0,"21":0,"22":0,"23":0,"24":0,"25":0,"26":0,"27":0,"28":0,"29":0,"30":0,"31":0,"32":0,"33":0,"34":0,"35":0,"36":0,"37":0},"branchMap":{"0":{"type":"branch","line":1,"loc":{"start":{"line":1,"column":0},"end":{"line":38,"column":-165}},"locations":[{"start":{"line":1,"column":0},"end":{"line":38,"column":-165}}]}},"b":{"0":[0]},"fnMap":{"0":{"name":"(empty-report)","decl":{"start":{"line":1,"column":0},"end":{"line":38,"column":-165}},"loc":{"start":{"line":1,"column":0},"end":{"line":38,"column":-165}},"line":1}},"f":{"0":0}}
,"C:\\git\\mind-palace\\apps\\dashboard\\dist\\dashboard\\browser\\chunk-3JFFGBLS.js": {"path":"C:\\git\\mind-palace\\apps\\dashboard\\dist\\dashboard\\browser\\chunk-3JFFGBLS.js","all":true,"statementMap":{"0":{"start":{"line":1,"column":0},"end":{"line":1,"column":12407}}},"s":{"0":0},"branchMap":{"0":{"type":"branch","line":1,"loc":{"start":{"line":1,"column":0},"end":{"line":1,"column":7068}},"locations":[{"start":{"line":1,"column":0},"end":{"line":1,"column":7068}}]}},"b":{"0":[0]},"fnMap":{"0":{"name":"(empty-report)","decl":{"start":{"line":1,"column":0},"end":{"line":1,"column":7068}},"loc":{"start":{"line":1,"column":0},"end":{"line":1,"column":7068}},"line":1}},"f":{"0":0}}
,"C:\\git\\mind-palace\\apps\\dashboard\\dist\\dashboard\\browser\\chunk-6ZN4GOK3.js": {"path":"C:\\git\\mind-palace\\apps\\dashboard\\dist\\dashboard\\browser\\chunk-6ZN4GOK3.js","all":true,"statementMap":{"0":{"start":{"line":1,"column":0},"end":{"line":1,"column":3378}}},"s":{"0":0},"branchMap":{"0":{"type":"branch","line":1,"loc":{"start":{"line":1,"column":0},"end":{"line":1,"column":1936}},"locations":[{"start":{"line":1,"column":0},"end":{"line":1,"column":1936}}]}},"b":{"0":[0]},"fnMap":{"0":{"name":"(empty-report)","decl":{"start":{"line":1,"column":0},"end":{"line":1,"column":1936}},"loc":{"start":{"line":1,"column":0},"end":{"line":1,"column":1936}},"line":1}},"f":{"0":0}}
,"C:\\git\\mind-palace\\apps\\dashboard\\dist\\dashboard\\browser\\chunk-73EZ5A45.js": {"path":"C:\\git\\mind-palace\\apps\\dashboard\\dist\\dashboard\\browser\\chunk-73EZ5A45.js","all":true,"statementMap":{"0":{"start":{"line":1,"column":0},"end":{"line":1,"column":18379}}},"s":{"0":0},"branchMap":{"0":{"type":"branch","line":1,"loc":{"start":{"line":1,"column":0},"end":{"line":1,"column":10924}},"locations":[{"start":{"line":1,"column":0},"end":{"line":1,"column":10924}}]}},"b":{"0":[0]},"fnMap":{"0":{"name":"(empty-report)","decl":{"start":{"line":1,"column":0},"end":{"line":1,"column":10924}},"loc":{"start":{"line":1,"column":0},"end":{"line":1,"column":10924}},"line":1}},"f":{"0":0}}
,"C:\\git\\mind-palace\\apps\\dashboard\\dist\\dashboard\\browser\\chunk-7A3LGISU.js": {"path":"C:\\git\\mind-palace\\apps\\dashboard\\dist\\dashboard\\browser\\chunk-7A3LGISU.js","all":true,"statementMap":{"0":{"start":{"line":1,"column":0},"end":{"line":1,"column":29574}}},"s":{"0":0},"branchMap":{"0":{"type":"branch","line":1,"loc":{"start":{"line":1,"column":0},"end":{"line":1,"column":26983}},"locations":[{"start":{"line":1,"column":0},"end":{"line":1,"column":26983}}]}},"b":{"0":[0]},"fnMap":{"0":{"name":"(empty-report)","decl":{"start":{"line":1,"column":0},"end":{"line":1,"column":26983}},"loc":{"start":{"line":1,"column":0},"end":{"line":1,"column":26983}},"line":1}},"f":{"0":0}}
,"C:\\git\\mind-palace\\apps\\dashboard\\dist\\dashboard\\browser\\chunk-D3KW5XRL.js": {"path":"C:\\git\\mind-palace\\apps\\dashboard\\dist\\dashboard\\browser\\chunk-D3KW5XRL.js","all":true,"statementMap":{"0":{"start":{"line":1,"column":0},"end":{"line":1,"column":3998}}},"s":{"0":0},"branchMap":{"0":{"type":"branch","line":1,"loc":{"start":{"line":1,"column":0},"end":{"line":1,"column":3876}},"locations":[{"start":{"line":1,"column":0},"end":{"line":1,"column":3876}}]}},"b":{"0":[0]},"fnMap":{"0":{"name":"(empty-report)","decl":{"start":{"line":1,"column":0},"end":{"line":1,"column":3876}},"loc":{"start":{"line":1,"column":0},"end":{"line":1,"column":3876}},"line":1}},"f":{"0":0}}
,"C:\\git\\mind-palace\\apps\\dashboard\\dist\\dashboard\\browser\\chunk-DPYV6SFX.js": {"path":"C:\\git\\mind-palace\\apps\\dashboard\\dist\\dashboard\\browser\\chunk-DPYV6SFX.js","all":true,"statementMap":{"0":{"start":{"line":1,"column":0},"end":{"line":1,"column":6838}}},"s":{"0":0},"branchMap":{"0":{"type":"branch","line":1,"loc":{"start":{"line":1,"column":0},"end":{"line":1,"column":3788}},"locations":[{"start":{"line":1,"column":0},"end":{"line":1,"column":3788}}]}},"b":{"0":[0]},"fnMap":{"0":{"name":"(empty-report)","decl":{"start":{"line":1,"column":0},"end":{"line":1,"column":3788}},"loc":{"start":{"line":1,"column":0},"end":{"line":1,"column":3788}},"line":1}},"f":{"0":0}}
,"C:\\git\\mind-palace\\apps\\dashboard\\dist\\dashboard\\browser\\chunk-F24JZ2PV.js": {"path":"C:\\git\\mind-palace\\apps\\dashboard\\dist\\dashboard\\browser\\chunk-F24JZ2PV.js","all":true,"statementMap":{"0":{"start":{"line":1,"column":0},"end":{"line":1,"column":5052}},"1":{"start":{"line":2,"column":0},"end":{"line":2,"column":48}},"2":{"start":{"line":3,"column":0},"end":{"line":3,"column":20917}},"3":{"start":{"line":4,"column":0},"end":{"line":4,"column":120004}},"4":{"start":{"line":5,"column":0},"end":{"line":5,"column":19086}}},"s":{"0":0,"1":0,"2":0,"3":0,"4":0},"branchMap":{"0":{"type":"branch","line":1,"loc":{"start":{"line":1,"column":165111},"end":{"line":5,"column":19086}},"locations":[{"start":{"line":1,"column":165111},"end":{"line":5,"column":19086}}]}},"b":{"0":[0]},"fnMap":{"0":{"name":"(empty-report)","decl":{"start":{"line":1,"column":165111},"end":{"line":5,"column":19086}},"loc":{"start":{"line":1,"column":165111},"end":{"line":5,"column":19086}},"line":1}},"f":{"0":0}}
,"C:\\git\\mind-palace\\apps\\dashboard\\dist\\dashboard\\browser\\chunk-FMFMFN2Q.js": {"path":"C:\\git\\mind-palace\\apps\\dashboard\\dist\\dashboard\\browser\\chunk-FMFMFN2Q.js","all":true,"statementMap":{"0":{"start":{"line":1,"column":0},"end":{"line":1,"column":16415}}},"s":{"0":0},"branchMap":{"0":{"type":"branch","line":1,"loc":{"start":{"line":1,"column":0},"end":{"line":1,"column":9373}},"locations":[{"start":{"line":1,"column":0},"end":{"line":1,"column":9373}}]}},"b":{"0":[0]},"fnMap":{"0":{"name":"(empty-report)","decl":{"start":{"line":1,"column":0},"end":{"line":1,"column":9373}},"loc":{"start":{"line":1,"column":0},"end":{"line":1,"column":9373}},"line":1}},"f":{"0":0}}
,"C:\\git\\mind-palace\\apps\\dashboard\\dist\\dashboard\\browser\\chunk-G2N6GTYI.js": {"path":"C:\\git\\mind-palace\\apps\\dashboard\\dist\\dashboard\\browser\\chunk-G2N6GTYI.js","all":true,"statementMap":{"0":{"start":{"line":1,"column":0},"end":{"line":1,"column":16705}}},"s":{"0":0},"branchMap":{"0":{"type":"branch","line":1,"loc":{"start":{"line":1,"column":0},"end":{"line":1,"column":9103}},"locations":[{"start":{"line":1,"column":0},"end":{"line":1,"column":9103}}]}},"b":{"0":[0]},"fnMap":{"0":{"name":"(empty-report)","decl":{"start":{"line":1,"column":0},"end":{"line":1,"column":9103}},"loc":{"start":{"line":1,"column":0},"end":{"line":1,"column":9103}},"line":1}},"f":{"0":0}}
,"C:\\git\\mind-palace\\apps\\dashboard\\dist\\dashboard\\browser\\chunk-IMK3R5DN.js": {"path":"C:\\git\\mind-palace\\apps\\dashboard\\dist\\dashboard\\browser\\chunk-IMK3R5DN.js","all":true,"statementMap":{"0":{"start":{"line":1,"column":0},"end":{"line":1,"column":4445}}},"s":{"0":0},"branchMap":{"0":{"type":"branch","line":1,"loc":{"start":{"line":1,"column":0},"end":{"line":1,"column":2520}},"locations":[{"start":{"line":1,"column":0},"end":{"line":1,"column":2520}}]}},"b":{"0":[0]},"fnMap":{"0":{"name":"(empty-report)","decl":{"start":{"line":1,"column":0},"end":{"line":1,"column":2520}},"loc":{"start":{"line":1,"column":0},"end":{"line":1,"column":2520}},"line":1}},"f":{"0":0}}
,"C:\\git\\mind-palace\\apps\\dashboard\\dist\\dashboard\\browser\\chunk-K3DUGT6T.js": {"path":"C:\\git\\mind-palace\\apps\\dashboard\\dist\\dashboard\\browser\\chunk-K3DUGT6T.js","all":true,"statementMap":{"0":{"start":{"line":1,"column":0},"end":{"line":1,"column":9271}}},"s":{"0":0},"branchMap":{"0":{"type":"branch","line":1,"loc":{"start":{"line":1,"column":0},"end":{"line":1,"column":4574}},"locations":[{"start":{"line":1,"column":0},"end":{"line":1,"column":4574}}]}},"b":{"0":[0]},"fnMap":{"0":{"name":"(empty-report)","decl":{"start":{"line":1,"column":0},"end":{"line":1,"column":4574}},"loc":{"start":{"line":1,"column":0},"end":{"line":1,"column":4574}},"line":1}},"f":{"0":0}}
,"C:\\git\\mind-palace\\apps\\dashboard\\dist\\dashboard\\browser\\chunk-KQZQOG22.js": {"path":"C:\\git\\mind-palace\\apps\\dashboard\\dist\\dashboard\\browser\\chunk-KQZQOG22.js","all":true,"statementMap":{"0":{"start":{"line":1,"column":0},"end":{"line":1,"column":85439}}},"s":{"0":0},"branchMap":{"0":{"type":"branch","line":1,"loc":{"start":{"line":1,"column":0},"end":{"line":1,"column":76954}},"locations":[{"start":{"line":1,"column":0},"end":{"line":1,"column":76954}}]}},"b":{"0":[0]},"fnMap":{"0":{"name":"(empty-report)","decl":{"start":{"line":1,"column":0},"end":{"line":1,"column":76954}},"loc":{"start":{"line":1,"column":0},"end":{"line":1,"column":76954}},"line":1}},"f":{"0":0}}
,"C:\\git\\mind-palace\\apps\\dashboard\\dist\\dashboard\\browser\\chunk-LO4NQAIM.js": {"path":"C:\\git\\mind-palace\\apps\\dashboard\\dist\\dashboard\\browser\\chunk-LO4NQAIM.js","all":true,"statementMap":{"0":{"start":{"line":1,"column":0},"end":{"line":1,"column":6452}}},"s":{"0":0},"branchMap":{"0":{"type":"branch","line":1,"loc":{"start":{"line":1,"column":0},"end":{"line":1,"column":3648}},"locations":[{"start":{"line":1,"column":0},"end":{"line":1,"column":3648}}]}},"b":{"0":[0]},"fnMap":{"0":{"name":"(empty-report)","decl":{"start":{"line":1,"column":0},"end":{"line":1,"column":3648}},"loc":{"start":{"line":1,"column":0},"end":{"line":1,"column":3648}},"line":1}},"f":{"0":0}}
,"C:\\git\\mind-palace\\apps\\dashboard\\dist\\dashboard\\browser\\chunk-LTGPIT4R.js": {"path":"C:\\git\\mind-palace\\apps\\dashboard\\dist\\dashboard\\browser\\chunk-LTGPIT4R.js","all":true,"statementMap":{"0":{"start":{"line":1,"column":0},"end":{"line":1,"column":18782}}},"s":{"0":0},"branchMap":{"0":{"type":"branch","line":1,"loc":{"start":{"line":1,"column":0},"end":{"line":1,"column":17403}},"locations":[{"start":{"line":1,"column":0},"end":{"line":1,"column":17403}}]}},"b":{"0":[0]},"fnMap":{"0":{"name":"(empty-report)","decl":{"start":{"line":1,"column":0},"end":{"line":1,"column":17403}},"loc":{"start":{"line":1,"column":0},"end":{"line":1,"column":17403}},"line":1}},"f":{"0":0}}
,"C:\\git\\mind-palace\\apps\\dashboard\\dist\\dashboard\\browser\\chunk-MIQTMCYX.js": {"path":"C:\\git\\mind-palace\\apps\\dashboard\\dist\\dashboard\\browser\\chunk-MIQTMCYX.js","all":true,"statementMap":{"0":{"start":{"line":1,"column":0},"end":{"line":1,"column":18857}}},"s":{"0":0},"branchMap":{"0":{"type":"branch","line":1,"loc":{"start":{"line":1,"column":0},"end":{"line":1,"column":9422}},"locations":[{"start":{"line":1,"column":0},"end":{"line":1,"column":9422}}]}},"b":{"0":[0]},"fnMap":{"0":{"name":"(empty-report)","decl":{"start":{"line":1,"column":0},"end":{"line":1,"column":9422}},"loc":{"start":{"line":1,"column":0},"end":{"line":1,"column":9422}},"line":1}},"f":{"0":0}}
,"C:\\git\\mind-palace\\apps\\dashboard\\dist\\dashboard\\browser\\chunk-RZGHZMSG.js": {"path":"C:\\git\\mind-palace\\apps\\dashboard\\dist\\dashboard\\browser\\chunk-RZGHZMSG.js","all":true,"statementMap":{"0":{"start":{"line":1,"column":0},"end":{"line":1,"column":16914}}},"s":{"0":0},"branchMap":{"0":{"type":"branch","line":1,"loc":{"start":{"line":1,"column":0},"end":{"line":1,"column":9251}},"locations":[{"start":{"line":1,"column":0},"end":{"line":1,"column":9251}}]}},"b":{"0":[0]},"fnMap":{"0":{"name":"(empty-report)","decl":{"start":{"line":1,"column":0},"end":{"line":1,"column":9251}},"loc":{"start":{"line":1,"column":0},"end":{"line":1,"column":9251}},"line":1}},"f":{"0":0}}
,"C:\\git\\mind-palace\\apps\\dashboard\\dist\\dashboard\\browser\\chunk-SDGS2UBA.js": {"path":"C:\\git\\mind-palace\\apps\\dashboard\\dist\\dashboard\\browser\\chunk-SDGS2UBA.js","all":true,"statementMap":{"0":{"start":{"line":1,"column":0},"end":{"line":1,"column":11452}}},"s":{"0":0},"branchMap":{"0":{"type":"branch","line":1,"loc":{"start":{"line":1,"column":0},"end":{"line":1,"column":7802}},"locations":[{"start":{"line":1,"column":0},"end":{"line":1,"column":7802}}]}},"b":{"0":[0]},"fnMap":{"0":{"name":"(empty-report)","decl":{"start":{"line":1,"column":0},"end":{"line":1,"column":7802}},"loc":{"start":{"line":1,"column":0},"end":{"line":1,"column":7802}},"line":1}},"f":{"0":0}}
,"C:\\git\\mind-palace\\apps\\dashboard\\dist\\dashboard\\browser\\chunk-SGAX7NMG.js": {"path":"C:\\git\\mind-palace\\apps\\dashboard\\dist\\dashboard\\browser\\chunk-SGAX7NMG.js","all":true,"statementMap":{"0":{"start":{"line":1,"column":0},"end":{"line":1,"column":29781}}},"s":{"0":0},"branchMap":{"0":{"type":"branch","line":1,"loc":{"start":{"line":1,"column":0},"end":{"line":1,"column":22513}},"locations":[{"start":{"line":1,"column":0},"end":{"line":1,"column":22513}}]}},"b":{"0":[0]},"fnMap":{"0":{"name":"(empty-report)","decl":{"start":{"line":1,"column":0},"end":{"line":1,"column":22513}},"loc":{"start":{"line":1,"column":0},"end":{"line":1,"column":22513}},"line":1}},"f":{"0":0}}
,"C:\\git\\mind-palace\\apps\\dashboard\\dist\\dashboard\\browser\\chunk-V4S63H4Z.js": {"path":"C:\\git\\mind-palace\\apps\\dashboard\\dist\\dashboard\\browser\\chunk-V4S63H4Z.js","all":true,"statementMap":{"0":{"start":{"line":1,"column":0},"end":{"line":1,"column":4542}}},"s":{"0":0},"branchMap":{"0":{"type":"branch","line":1,"loc":{"start":{"line":1,"column":0},"end":{"line":1,"column":3140}},"locations":[{"start":{"line":1,"column":0},"end":{"line":1,"column":3140}}]}},"b":{"0":[0]},"fnMap":{"0":{"name":"(empty-report)","decl":{"start":{"line":1,"column":0},"end":{"line":1,"column":3140}},"loc":{"start":{"line":1,"column":0},"end":{"line":1,"column":3140}},"line":1}},"f":{"0":0}}
,"C:\\git\\mind-palace\\apps\\dashboard\\dist\\dashboard\\browser\\chunk-W2JMOWGS.js": {"path":"C:\\git\\mind-palace\\apps\\dashboard\\dist\\dashboard\\browser\\chunk-W2JMOWGS.js","all":true,"statementMap":{"0":{"start":{"line":1,"column":0},"end":{"line":1,"column":3658}}},"s":{"0":0},"branchMap":{"0":{"type":"branch","line":1,"loc":{"start":{"line":1,"column":0},"end":{"line":1,"column":2143}},"locations":[{"start":{"line":1,"column":0},"end":{"line":1,"column":2143}}]}},"b":{"0":[0]},"fnMap":{"0":{"name":"(empty-report)","decl":{"start":{"line":1,"column":0},"end":{"line":1,"column":2143}},"loc":{"start":{"line":1,"column":0},"end":{"line":1,"column":2143}},"line":1}},"f":{"0":0}}
,"C:\\git\\mind-palace\\apps\\dashboard\\dist\\dashboard\\browser\\chunk-W65S46GU.js": {"path":"C:\\git\\mind-palace\\apps\\dashboard\\dist\\dashboard\\browser\\chunk-W65S46GU.js","all":true,"statementMap":{"0":{"start":{"line":1,"column":0},"end":{"line":1,"column":15309}}},"s":{"0":0},"branchMap":{"0":{"type":"branch","line":1,"loc":{"start":{"line":1,"column":0},"end":{"line":1,"column":8543}},"locations":[{"start":{"line":1,"column":0},"end":{"line":1,"column":8543}}]}},"b":{"0":[0]},"fnMap":{"0":{"name":"(empty-report)","decl":{"start":{"line":1,"column":0},"end":{"line":1,"column":8543}},"loc":{"start":{"line":1,"column":0},"end":{"line":1,"column":8543}},"line":1}},"f":{"0":0}}
,"C:\\git\\mind-palace\\apps\\dashboard\\dist\\dashboard\\browser\\chunk-WU4Y7S4Z.js": {"path":"C:\\git\\mind-palace\\apps\\dashboard\\dist\\dashboard\\browser\\chunk-WU4Y7S4Z.js","all":true,"statementMap":{"0":{"start":{"line":1,"column":0},"end":{"line":1,"column":2406}}},"s":{"0":0},"branchMap":{"0":{"type":"branch","line":1,"loc":{"start":{"line":1,"column":0},"end":{"line":1,"column":1549}},"locations":[{"start":{"line":1,"column":0},"end":{"line":1,"column":1549}}]}},"b":{"0":[0]},"fnMap":{"0":{"name":"(empty-report)","decl":{"start":{"line":1,"column":0},"end":{"line":1,"column":1549}},"loc":{"start":{"line":1,"column":0},"end":{"line":1,"column":1549}},"line":1}},"f":{"0":0}}
,"C:\\git\\mind-palace\\apps\\dashboard\\dist\\dashboard\\browser\\chunk-WY2BDEN3.js": {"path":"C:\\git\\mind-palace\\apps\\dashboard\\dist\\dashboard\\browser\\chunk-WY2BDEN3.js","all":true,"statementMap":{"0":{"start":{"line":1,"column":0},"end":{"line":1,"column":63919}}},"s":{"0":0},"branchMap":{"0":{"type":"branch","line":1,"loc":{"start":{"line":1,"column":63919},"end":{"line":1,"column":63919}},"locations":[{"start":{"line":1,"column":63919},"end":{"line":1,"column":63919}}]}},"b":{"0":[0]},"fnMap":{"0":{"name":"(empty-report)","decl":{"start":{"line":1,"column":63919},"end":{"line":1,"column":63919}},"loc":{"start":{"line":1,"column":63919},"end":{"line":1,"column":63919}},"line":1}},"f":{"0":0}}
,"C:\\git\\mind-palace\\apps\\dashboard\\dist\\dashboard\\browser\\main-VXI55XCN.js": {"path":"C:\\git\\mind-palace\\apps\\dashboard\\dist\\dashboard\\browser\\main-VXI55XCN.js","all":true,"statementMap":{"0":{"start":{"line":1,"column":0},"end":{"line":1,"column":27539}}},"s":{"0":0},"branchMap":{"0":{"type":"branch","line":1,"loc":{"start":{"line":1,"column":0},"end":{"line":1,"column":18829}},"locations":[{"start":{"line":1,"column":0},"end":{"line":1,"column":18829}}]}},"b":{"0":[0]},"fnMap":{"0":{"name":"(empty-report)","decl":{"start":{"line":1,"column":0},"end":{"line":1,"column":18829}},"loc":{"start":{"line":1,"column":0},"end":{"line":1,"column":18829}},"line":1}},"f":{"0":0}}
,"C:\\git\\mind-palace\\apps\\dashboard\\dist\\dashboard\\browser\\polyfills-5CFQRCPP.js": {"path":"C:\\git\\mind-palace\\apps\\dashboard\\dist\\dashboard\\browser\\polyfills-5CFQRCPP.js","all":true,"statementMap":{"0":{"start":{"line":1,"column":0},"end":{"line":1,"column":29338}},"1":{"start":{"line":2,"column":0},"end":{"line":2,"column":5245}}},"s":{"0":0,"1":0},"branchMap":{"0":{"type":"branch","line":1,"loc":{"start":{"line":1,"column":34584},"end":{"line":2,"column":5245}},"locations":[{"start":{"line":1,"column":34584},"end":{"line":2,"column":5245}}]}},"b":{"0":[0]},"fnMap":{"0":{"name":"(empty-report)","decl":{"start":{"line":1,"column":34584},"end":{"line":2,"column":5245}},"loc":{"start":{"line":1,"column":34584},"end":{"line":2,"column":5245}},"line":1}},"f":{"0":0}}
,"C:\\git\\mind-palace\\apps\\dashboard\\src\\app\\app.component.ts": {"path":"C:\\git\\mind-palace\\apps\\dashboard\\src\\app\\app.component.ts","all":true,"statementMap":{"0":{"start":{"line":1,"column":0},"end":{"line":1,"column":89}},"15":{"start":{"line":16,"column":0},"end":{"line":16,"column":12}},"16":{"start":{"line":17,"column":0},"end":{"line":17,"column":25}},"17":{"start":{"line":18,"column":0},"end":{"line":18,"column":100}},"18":{"start":{"line":19,"column":0},"end":{"line":19,"column":15}},"253":{"start":{"line":254,"column":0},"end":{"line":254,"column":14}},"657":{"start":{"line":658,"column":0},"end":{"line":658,"column":4}},"658":{"start":{"line":659,"column":0},"end":{"line":659,"column":2}},"659":{"start":{"line":660,"column":0},"end":{"line":660,"column":45}},"660":{"start":{"line":661,"column":0},"end":{"line":661,"column":74}},"662":{"start":{"line":663,"column":0},"end":{"line":663,"column":40}},"663":{"start":{"line":664,"column":0},"end":{"line":664,"column":35}},"664":{"start":{"line":665,"column":0},"end":{"line":665,"column":34}},"666":{"start":{"line":667,"column":0},"end":{"line":667,"column":34}},"667":{"start":{"line":668,"column":0},"end":{"line":668,"column":29}},"668":{"start":{"line":669,"column":0},"end":{"line":669,"column":19}},"669":{"start":{"line":670,"column":0},"end":{"line":670,"column":28}},"670":{"start":{"line":671,"column":0},"end":{"line":671,"column":79}},"671":{"start":{"line":672,"column":0},"end":{"line":672,"column":28}},"673":{"start":{"line":674,"column":0},"end":{"line":674,"column":48}},"675":{"start":{"line":676,"column":0},"end":{"line":676,"column":14}},"676":{"start":{"line":677,"column":0},"end":{"line":677,"column":22}},"679":{"start":{"line":680,"column":0},"end":{"line":680,"column":49}},"680":{"start":{"line":681,"column":0},"end":{"line":681,"column":54}},"681":{"start":{"line":682,"column":0},"end":{"line":682,"column":27}},"682":{"start":{"line":683,"column":0},"end":{"line":683,"column":26}},"683":{"start":{"line":684,"column":0},"end":{"line":684,"column":7}},"684":{"start":{"line":685,"column":0},"end":{"line":685,"column":7}},"687":{"start":{"line":688,"column":0},"end":{"line":688,"column":28}},"688":{"start":{"line":689,"column":0},"end":{"line":689,"column":24}},"689":{"start":{"line":690,"column":0},"end":{"line":690,"column":29}},"690":{"start":{"line":691,"column":0},"end":{"line":691,"column":26}},"691":{"start":{"line":692,"column":0},"end":{"line":692,"column":41}},"692":{"start":{"line":693,"column":0},"end":{"line":693,"column":66}},"693":{"start":{"line":694,"column":0},"end":{"line":694,"column":9}},"694":{"start":{"line":695,"column":0},"end":{"line":695,"column":33}},"695":{"start":{"line":696,"column":0},"end":{"line":696,"column":42}},"696":{"start":{"line":697,"column":0},"end":{"line":697,"column":8}},"697":{"start":{"line":698,"column":0},"end":{"line":698,"column":17}},"698":{"start":{"line":699,"column":0},"end":{"line":699,"column":22}},"699":{"start":{"line":700,"column":0},"end":{"line":700,"column":30}},"700":{"start":{"line":701,"column":0},"end":{"line":701,"column":34}},"701":{"start":{"line":702,"column":0},"end":{"line":702,"column":34}},"702":{"start":{"line":703,"column":0},"end":{"line":703,"column":8}},"703":{"start":{"line":704,"column":0},"end":{"line":704,"column":20}},"704":{"start":{"line":705,"column":0},"end":{"line":705,"column":71}},"705":{"start":{"line":706,"column":0},"end":{"line":706,"column":34}},"706":{"start":{"line":707,"column":0},"end":{"line":707,"column":7}},"707":{"start":{"line":708,"column":0},"end":{"line":708,"column":7}},"708":{"start":{"line":709,"column":0},"end":{"line":709,"column":3}},"710":{"start":{"line":711,"column":0},"end":{"line":711,"column":16}},"711":{"start":{"line":712,"column":0},"end":{"line":712,"column":30}},"712":{"start":{"line":713,"column":0},"end":{"line":713,"column":22}},"713":{"start":{"line":714,"column":0},"end":{"line":714,"column":50}},"714":{"start":{"line":715,"column":0},"end":{"line":715,"column":11}},"715":{"start":{"line":716,"column":0},"end":{"line":716,"column":3}},"717":{"start":{"line":718,"column":0},"end":{"line":718,"column":17}},"718":{"start":{"line":719,"column":0},"end":{"line":719,"column":31}},"719":{"start":{"line":720,"column":0},"end":{"line":720,"column":26}},"720":{"start":{"line":721,"column":0},"end":{"line":721,"column":67}},"721":{"start":{"line":722,"column":0},"end":{"line":722,"column":30}},"722":{"start":{"line":723,"column":0},"end":{"line":723,"column":3}},"724":{"start":{"line":725,"column":0},"end":{"line":725,"column":32}},"725":{"start":{"line":726,"column":0},"end":{"line":726,"column":29}},"726":{"start":{"line":727,"column":0},"end":{"line":727,"column":35}},"727":{"start":{"line":728,"column":0},"end":{"line":728,"column":3}},"729":{"start":{"line":730,"column":0},"end":{"line":730,"column":25}},"730":{"start":{"line":731,"column":0},"end":{"line":731,"column":29}},"731":{"start":{"line":732,"column":0},"end":{"line":732,"column":97}},"732":{"start":{"line":733,"column":0},"end":{"line":733,"column":3}},"734":{"start":{"line":735,"column":0},"end":{"line":735,"column":29}},"735":{"start":{"line":736,"column":0},"end":{"line":736,"column":29}},"736":{"start":{"line":737,"column":0},"end":{"line":737,"column":48}},"737":{"start":{"line":738,"column":0},"end":{"line":738,"column":50}},"738":{"start":{"line":739,"column":0},"end":{"line":739,"column":48}},"739":{"start":{"line":740,"column":0},"end":{"line":740,"column":3}},"741":{"start":{"line":742,"column":0},"end":{"line":742,"column":16}},"742":{"start":{"line":743,"column":0},"end":{"line":743,"column":41}},"743":{"start":{"line":744,"column":0},"end":{"line":744,"column":20}},"744":{"start":{"line":745,"column":0},"end":{"line":745,"column":65}},"745":{"start":{"line":746,"column":0},"end":{"line":746,"column":5}},"746":{"start":{"line":747,"column":0},"end":{"line":747,"column":3}},"748":{"start":{"line":749,"column":0},"end":{"line":749,"column":16}},"749":{"start":{"line":750,"column":0},"end":{"line":750,"column":41}},"750":{"start":{"line":751,"column":0},"end":{"line":751,"column":20}},"751":{"start":{"line":752,"column":0},"end":{"line":752,"column":73}},"752":{"start":{"line":753,"column":0},"end":{"line":753,"column":5}},"753":{"start":{"line":754,"column":0},"end":{"line":754,"column":3}},"755":{"start":{"line":756,"column":0},"end":{"line":756,"column":27}},"756":{"start":{"line":757,"column":0},"end":{"line":757,"column":29}},"757":{"start":{"line":758,"column":0},"end":{"line":758,"column":37}},"758":{"start":{"line":759,"column":0},"end":{"line":759,"column":61}},"759":{"start":{"line":760,"column":0},"end":{"line":760,"column":65}},"761":{"start":{"line":762,"column":0},"end":{"line":762,"column":49}},"762":{"start":{"line":763,"column":0},"end":{"line":763,"column":44}},"763":{"start":{"line":764,"column":0},"end":{"line":764,"column":90}},"764":{"start":{"line":765,"column":0},"end":{"line":765,"column":63}},"765":{"start":{"line":766,"column":0},"end":{"line":766,"column":36}},"766":{"start":{"line":767,"column":0},"end":{"line":767,"column":32}},"767":{"start":{"line":768,"column":0},"end":{"line":768,"column":5}},"768":{"start":{"line":769,"column":0},"end":{"line":769,"column":3}},"770":{"start":{"line":771,"column":0},"end":{"line":771,"column":74}},"771":{"start":{"line":772,"column":0},"end":{"line":772,"column":23}},"772":{"start":{"line":773,"column":0},"end":{"line":773,"column":87}},"773":{"start":{"line":774,"column":0},"end":{"line":774,"column":3}},"775":{"start":{"line":776,"column":0},"end":{"line":776,"column":48}},"776":{"start":{"line":777,"column":0},"end":{"line":777,"column":23}},"777":{"start":{"line":778,"column":0},"end":{"line":778,"column":88}},"778":{"start":{"line":779,"column":0},"end":{"line":779,"column":3}},"780":{"start":{"line":781,"column":0},"end":{"line":781,"column":24}},"781":{"start":{"line":782,"column":0},"end":{"line":782,"column":23}},"782":{"start":{"line":783,"column":0},"end":{"line":783,"column":50}},"783":{"start":{"line":784,"column":0},"end":{"line":784,"column":3}},"785":{"start":{"line":786,"column":0},"end":{"line":786,"column":42}},"786":{"start":{"line":787,"column":0},"end":{"line":787,"column":36}},"787":{"start":{"line":788,"column":0},"end":{"line":788,"column":29}},"788":{"start":{"line":789,"column":0},"end":{"line":789,"column":24}},"789":{"start":{"line":790,"column":0},"end":{"line":790,"column":41}},"790":{"start":{"line":791,"column":0},"end":{"line":791,"column":29}},"791":{"start":{"line":792,"column":0},"end":{"line":792,"column":24}},"792":{"start":{"line":793,"column":0},"end":{"line":793,"column":5}},"793":{"start":{"line":794,"column":0},"end":{"line":794,"column":3}},"795":{"start":{"line":796,"column":0},"end":{"line":796,"column":37}},"796":{"start":{"line":797,"column":0},"end":{"line":797,"column":42}},"797":{"start":{"line":798,"column":0},"end":{"line":798,"column":3}},"799":{"start":{"line":800,"column":0},"end":{"line":800,"column":53}},"800":{"start":{"line":801,"column":0},"end":{"line":801,"column":25}},"801":{"start":{"line":802,"column":0},"end":{"line":802,"column":81}},"802":{"start":{"line":803,"column":0},"end":{"line":803,"column":3}},"803":{"start":{"line":804,"column":0},"end":{"line":804,"column":1}}},"s":{"0":0,"15":0,"16":0,"17":0,"18":0,"253":0,"657":0,"658":0,"659":0,"660":0,"662":0,"663":0,"664":0,"666":0,"667":0,"668":0,"669":0,"670":0,"671":0,"673":0,"675":0,"676":0,"679":0,"680":0,"681":0,"682":0,"683":0,"684":0,"687":0,"688":0,"689":0,"690":0,"691":0,"692":0,"693":0,"694":0,"695":0,"696":0,"697":0,"698":0,"699":0,"700":0,"701":0,"702":0,"703":0,"704":0,"705":0,"706":0,"707":0,"708":0,"710":0,"711":0,"712":0,"713":0,"714":0,"715":0,"717":0,"718":0,"719":0,"720":0,"721":0,"722":0,"724":0,"725":0,"726":0,"727":0,"729":0,"730":0,"731":0,"732":0,"734":0,"735":0,"736":0,"737":0,"738":0,"739":0,"741":0,"742":0,"743":0,"744":0,"745":0,"746":0,"748":0,"749":0,"750":0,"751":0,"752":0,"753":0,"755":0,"756":0,"757":0,"758":0,"759":0,"761":0,"762":0,"763":0,"764":0,"765":0,"766":0,"767":0,"768":0,"770":0,"771":0,"772":0,"773":0,"775":0,"776":0,"777":0,"778":0,"780":0,"781":0,"782":0,"783":0,"785":0,"786":0,"787":0,"788":0,"789":0,"790":0,"791":0,"792":0,"793":0,"795":0,"796":0,"797":0,"799":0,"800":0,"801":0,"802":0,"803":0},"branchMap":{"0":{"type":"branch","line":1,"loc":{"start":{"line":1,"column":0},"end":{"line":804,"column":-12003}},"locations":[{"start":{"line":1,"column":0},"end":{"line":804,"column":-12003}}]}},"b":{"0":[0]},"fnMap":{"0":{"name":"(empty-report)","decl":{"start":{"line":1,"column":0},"end":{"line":804,"column":-12003}},"loc":{"start":{"line":1,"column":0},"end":{"line":804,"column":-12003}},"line":1}},"f":{"0":0}}
,"C:\\git\\mind-palace\\apps\\dashboard\\src\\app\\app.routes.ts": {"path":"C:\\git\\mind-palace\\apps\\dashboard\\src\\app\\app.routes.ts","all":true,"statementMap":{"2":{"start":{"line":3,"column":0},"end":{"line":3,"column":31}},"3":{"start":{"line":4,"column":0},"end":{"line":4,"column":59}},"4":{"start":{"line":5,"column":0},"end":{"line":5,"column":3}},"5":{"start":{"line":6,"column":0},"end":{"line":6,"column":21}},"6":{"start":{"line":7,"column":0},"end":{"line":7,"column":104}},"7":{"start":{"line":8,"column":0},"end":{"line":8,"column":4}},"8":{"start":{"line":9,"column":0},"end":{"line":9,"column":3}},"9":{"start":{"line":10,"column":0},"end":{"line":10,"column":20}},"10":{"start":{"line":11,"column":0},"end":{"line":11,"column":102}},"11":{"start":{"line":12,"column":0},"end":{"line":12,"column":15}},"12":{"start":{"line":13,"column":0},"end":{"line":13,"column":59}},"13":{"start":{"line":14,"column":0},"end":{"line":14,"column":7}},"14":{"start":{"line":15,"column":0},"end":{"line":15,"column":22}},"15":{"start":{"line":16,"column":0},"end":{"line":16,"column":99}},"16":{"start":{"line":17,"column":0},"end":{"line":17,"column":8}},"17":{"start":{"line":18,"column":0},"end":{"line":18,"column":7}},"18":{"start":{"line":19,"column":0},"end":{"line":19,"column":22}},"19":{"start":{"line":20,"column":0},"end":{"line":20,"column":99}},"20":{"start":{"line":21,"column":0},"end":{"line":21,"column":8}},"21":{"start":{"line":22,"column":0},"end":{"line":22,"column":7}},"22":{"start":{"line":23,"column":0},"end":{"line":23,"column":22}},"23":{"start":{"line":24,"column":0},"end":{"line":24,"column":99}},"24":{"start":{"line":25,"column":0},"end":{"line":25,"column":7}},"25":{"start":{"line":26,"column":0},"end":{"line":26,"column":5}},"26":{"start":{"line":27,"column":0},"end":{"line":27,"column":4}},"27":{"start":{"line":28,"column":0},"end":{"line":28,"column":3}},"28":{"start":{"line":29,"column":0},"end":{"line":29,"column":21}},"29":{"start":{"line":30,"column":0},"end":{"line":30,"column":105}},"30":{"start":{"line":31,"column":0},"end":{"line":31,"column":15}},"31":{"start":{"line":32,"column":0},"end":{"line":32,"column":62}},"32":{"start":{"line":33,"column":0},"end":{"line":33,"column":7}},"33":{"start":{"line":34,"column":0},"end":{"line":34,"column":25}},"34":{"start":{"line":35,"column":0},"end":{"line":35,"column":108}},"35":{"start":{"line":36,"column":0},"end":{"line":36,"column":8}},"36":{"start":{"line":37,"column":0},"end":{"line":37,"column":7}},"37":{"start":{"line":38,"column":0},"end":{"line":38,"column":26}},"38":{"start":{"line":39,"column":0},"end":{"line":39,"column":111}},"39":{"start":{"line":40,"column":0},"end":{"line":40,"column":8}},"40":{"start":{"line":41,"column":0},"end":{"line":41,"column":7}},"41":{"start":{"line":42,"column":0},"end":{"line":42,"column":22}},"42":{"start":{"line":43,"column":0},"end":{"line":43,"column":99}},"43":{"start":{"line":44,"column":0},"end":{"line":44,"column":8}},"44":{"start":{"line":45,"column":0},"end":{"line":45,"column":7}},"45":{"start":{"line":46,"column":0},"end":{"line":46,"column":26}},"46":{"start":{"line":47,"column":0},"end":{"line":47,"column":111}},"47":{"start":{"line":48,"column":0},"end":{"line":48,"column":8}},"48":{"start":{"line":49,"column":0},"end":{"line":49,"column":7}},"49":{"start":{"line":50,"column":0},"end":{"line":50,"column":26}},"50":{"start":{"line":51,"column":0},"end":{"line":51,"column":111}},"51":{"start":{"line":52,"column":0},"end":{"line":52,"column":8}},"52":{"start":{"line":53,"column":0},"end":{"line":53,"column":7}},"53":{"start":{"line":54,"column":0},"end":{"line":54,"column":30}},"54":{"start":{"line":55,"column":0},"end":{"line":55,"column":123}},"55":{"start":{"line":56,"column":0},"end":{"line":56,"column":8}},"56":{"start":{"line":57,"column":0},"end":{"line":57,"column":7}},"57":{"start":{"line":58,"column":0},"end":{"line":58,"column":31}},"58":{"start":{"line":59,"column":0},"end":{"line":59,"column":126}},"59":{"start":{"line":60,"column":0},"end":{"line":60,"column":8}},"60":{"start":{"line":61,"column":0},"end":{"line":61,"column":7}},"61":{"start":{"line":62,"column":0},"end":{"line":62,"column":28}},"62":{"start":{"line":63,"column":0},"end":{"line":63,"column":117}},"63":{"start":{"line":64,"column":0},"end":{"line":64,"column":8}},"64":{"start":{"line":65,"column":0},"end":{"line":65,"column":7}},"65":{"start":{"line":66,"column":0},"end":{"line":66,"column":34}},"66":{"start":{"line":67,"column":0},"end":{"line":67,"column":134}},"67":{"start":{"line":68,"column":0},"end":{"line":68,"column":8}},"68":{"start":{"line":69,"column":0},"end":{"line":69,"column":7}},"69":{"start":{"line":70,"column":0},"end":{"line":70,"column":32}},"70":{"start":{"line":71,"column":0},"end":{"line":71,"column":128}},"71":{"start":{"line":72,"column":0},"end":{"line":72,"column":8}},"72":{"start":{"line":73,"column":0},"end":{"line":73,"column":7}},"73":{"start":{"line":74,"column":0},"end":{"line":74,"column":31}},"74":{"start":{"line":75,"column":0},"end":{"line":75,"column":125}},"75":{"start":{"line":76,"column":0},"end":{"line":76,"column":7}},"76":{"start":{"line":77,"column":0},"end":{"line":77,"column":5}},"77":{"start":{"line":78,"column":0},"end":{"line":78,"column":4}},"79":{"start":{"line":80,"column":0},"end":{"line":80,"column":69}},"80":{"start":{"line":81,"column":0},"end":{"line":81,"column":69}},"81":{"start":{"line":82,"column":0},"end":{"line":82,"column":69}},"82":{"start":{"line":83,"column":0},"end":{"line":83,"column":76}},"83":{"start":{"line":84,"column":0},"end":{"line":84,"column":78}},"84":{"start":{"line":85,"column":0},"end":{"line":85,"column":78}},"86":{"start":{"line":87,"column":0},"end":{"line":87,"column":41}},"87":{"start":{"line":88,"column":0},"end":{"line":88,"column":2}}},"s":{"2":0,"3":0,"4":0,"5":0,"6":0,"7":0,"8":0,"9":0,"10":0,"11":0,"12":0,"13":0,"14":0,"15":0,"16":0,"17":0,"18":0,"19":0,"20":0,"21":0,"22":0,"23":0,"24":0,"25":0,"26":0,"27":0,"28":0,"29":0,"30":0,"31":0,"32":0,"33":0,"34":0,"35":0,"36":0,"37":0,"38":0,"39":0,"40":0,"41":0,"42":0,"43":0,"44":0,"45":0,"46":0,"47":0,"48":0,"49":0,"50":0,"51":0,"52":0,"53":0,"54":0,"55":0,"56":0,"57":0,"58":0,"59":0,"60":0,"61":0,"62":0,"63":0,"64":0,"65":0,"66":0,"67":0,"68":0,"69":0,"70":0,"71":0,"72":0,"73":0,"74":0,"75":0,"76":0,"77":0,"79":0,"80":0,"81":0,"82":0,"83":0,"84":0,"86":0,"87":0},"branchMap":{"0":{"type":"branch","line":1,"loc":{"start":{"line":1,"column":52},"end":{"line":88,"column":-408}},"locations":[{"start":{"line":1,"column":52},"end":{"line":88,"column":-408}}]}},"b":{"0":[1]},"fnMap":{"0":{"name":"(empty-report)","decl":{"start":{"line":1,"column":52},"end":{"line":88,"column":-408}},"loc":{"start":{"line":1,"column":52},"end":{"line":88,"column":-408}},"line":1}},"f":{"0":1}}
,"C:\\git\\mind-palace\\apps\\dashboard\\src\\app\\core\\components\\contradiction-alert.component.ts": {"path":"C:\\git\\mind-palace\\apps\\dashboard\\src\\app\\core\\components\\contradiction-alert.component.ts","all":true,"statementMap":{"0":{"start":{"line":1,"column":0},"end":{"line":1,"column":77}},"26":{"start":{"line":27,"column":0},"end":{"line":27,"column":12}},"27":{"start":{"line":28,"column":0},"end":{"line":28,"column":40}},"28":{"start":{"line":29,"column":0},"end":{"line":29,"column":16}},"29":{"start":{"line":30,"column":0},"end":{"line":30,"column":15}},"76":{"start":{"line":77,"column":0},"end":{"line":77,"column":14}},"253":{"start":{"line":254,"column":0},"end":{"line":254,"column":4}},"254":{"start":{"line":255,"column":0},"end":{"line":255,"column":2}},"255":{"start":{"line":256,"column":0},"end":{"line":256,"column":71}},"256":{"start":{"line":257,"column":0},"end":{"line":257,"column":40}},"257":{"start":{"line":258,"column":0},"end":{"line":258,"column":34}},"258":{"start":{"line":259,"column":0},"end":{"line":259,"column":38}},"259":{"start":{"line":260,"column":0},"end":{"line":260,"column":29}},"261":{"start":{"line":262,"column":0},"end":{"line":262,"column":44}},"263":{"start":{"line":264,"column":0},"end":{"line":264,"column":14}},"264":{"start":{"line":265,"column":0},"end":{"line":265,"column":44}},"265":{"start":{"line":266,"column":0},"end":{"line":266,"column":62}},"266":{"start":{"line":267,"column":0},"end":{"line":267,"column":26}},"267":{"start":{"line":268,"column":0},"end":{"line":268,"column":32}},"268":{"start":{"line":269,"column":0},"end":{"line":269,"column":7}},"269":{"start":{"line":270,"column":0},"end":{"line":270,"column":3}},"271":{"start":{"line":272,"column":0},"end":{"line":272,"column":17}},"272":{"start":{"line":273,"column":0},"end":{"line":273,"column":37}},"273":{"start":{"line":274,"column":0},"end":{"line":274,"column":3}},"275":{"start":{"line":276,"column":0},"end":{"line":276,"column":34}},"276":{"start":{"line":277,"column":0},"end":{"line":277,"column":25}},"278":{"start":{"line":279,"column":0},"end":{"line":279,"column":39}},"279":{"start":{"line":280,"column":0},"end":{"line":280,"column":43}},"280":{"start":{"line":281,"column":0},"end":{"line":281,"column":39}},"281":{"start":{"line":282,"column":0},"end":{"line":282,"column":50}},"282":{"start":{"line":283,"column":0},"end":{"line":283,"column":49}},"283":{"start":{"line":284,"column":0},"end":{"line":284,"column":51}},"284":{"start":{"line":285,"column":0},"end":{"line":285,"column":27}},"285":{"start":{"line":286,"column":0},"end":{"line":286,"column":6}},"287":{"start":{"line":288,"column":0},"end":{"line":288,"column":55}},"290":{"start":{"line":291,"column":0},"end":{"line":291,"column":22}},"291":{"start":{"line":292,"column":0},"end":{"line":292,"column":34}},"292":{"start":{"line":293,"column":0},"end":{"line":293,"column":14}},"293":{"start":{"line":294,"column":0},"end":{"line":294,"column":3}},"295":{"start":{"line":296,"column":0},"end":{"line":296,"column":28}},"296":{"start":{"line":297,"column":0},"end":{"line":297,"column":68}},"297":{"start":{"line":298,"column":0},"end":{"line":298,"column":3}},"299":{"start":{"line":300,"column":0},"end":{"line":300,"column":48}},"300":{"start":{"line":301,"column":0},"end":{"line":301,"column":32}},"302":{"start":{"line":303,"column":0},"end":{"line":303,"column":41}},"303":{"start":{"line":304,"column":0},"end":{"line":304,"column":20}},"304":{"start":{"line":305,"column":0},"end":{"line":305,"column":30}},"305":{"start":{"line":306,"column":0},"end":{"line":306,"column":32}},"306":{"start":{"line":307,"column":0},"end":{"line":307,"column":7}},"307":{"start":{"line":308,"column":0},"end":{"line":308,"column":7}},"308":{"start":{"line":309,"column":0},"end":{"line":309,"column":3}},"310":{"start":{"line":311,"column":0},"end":{"line":311,"column":53}},"311":{"start":{"line":312,"column":0},"end":{"line":312,"column":25}},"312":{"start":{"line":313,"column":0},"end":{"line":313,"column":81}},"313":{"start":{"line":314,"column":0},"end":{"line":314,"column":3}},"314":{"start":{"line":315,"column":0},"end":{"line":315,"column":1}}},"s":{"0":0,"26":0,"27":0,"28":0,"29":0,"76":0,"253":0,"254":0,"255":0,"256":0,"257":0,"258":0,"259":0,"261":0,"263":0,"264":0,"265":0,"266":0,"267":0,"268":0,"269":0,"271":0,"272":0,"273":0,"275":0,"276":0,"278":0,"279":0,"280":0,"281":0,"282":0,"283":0,"284":0,"285":0,"287":0,"290":0,"291":0,"292":0,"293":0,"295":0,"296":0,"297":0,"299":0,"300":0,"302":0,"303":0,"304":0,"305":0,"306":0,"307":0,"308":0,"310":0,"311":0,"312":0,"313":0,"314":0},"branchMap":{"0":{"type":"branch","line":1,"loc":{"start":{"line":1,"column":0},"end":{"line":315,"column":-5170}},"locations":[{"start":{"line":1,"column":0},"end":{"line":315,"column":-5170}}]}},"b":{"0":[0]},"fnMap":{"0":{"name":"(empty-report)","decl":{"start":{"line":1,"column":0},"end":{"line":315,"column":-5170}},"loc":{"start":{"line":1,"column":0},"end":{"line":315,"column":-5170}},"line":1}},"f":{"0":0}}
,"C:\\git\\mind-palace\\apps\\dashboard\\src\\app\\core\\services\\api.service.ts": {"path":"C:\\git\\mind-palace\\apps\\dashboard\\src\\app\\core\\services\\api.service.ts","all":false,"statementMap":{"0":{"start":{"line":1,"column":0},"end":{"line":1,"column":51}},"211":{"start":{"line":212,"column":0},"end":{"line":212,"column":13}},"212":{"start":{"line":213,"column":0},"end":{"line":213,"column":20}},"213":{"start":{"line":214,"column":0},"end":{"line":214,"column":2}},"214":{"start":{"line":215,"column":0},"end":{"line":215,"column":25}},"215":{"start":{"line":216,"column":0},"end":{"line":216,"column":45}},"216":{"start":{"line":217,"column":0},"end":{"line":217,"column":36}},"219":{"start":{"line":220,"column":0},"end":{"line":220,"column":66}},"220":{"start":{"line":221,"column":0},"end":{"line":221,"column":56}},"221":{"start":{"line":222,"column":0},"end":{"line":222,"column":3}},"223":{"start":{"line":224,"column":0},"end":{"line":224,"column":33}},"224":{"start":{"line":225,"column":0},"end":{"line":225,"column":57}},"225":{"start":{"line":226,"column":0},"end":{"line":226,"column":3}},"228":{"start":{"line":229,"column":0},"end":{"line":229,"column":99}},"229":{"start":{"line":230,"column":0},"end":{"line":230,"column":59}},"230":{"start":{"line":231,"column":0},"end":{"line":231,"column":72}},"231":{"start":{"line":232,"column":0},"end":{"line":232,"column":7}},"232":{"start":{"line":233,"column":0},"end":{"line":233,"column":3}},"234":{"start":{"line":235,"column":0},"end":{"line":235,"column":79}},"235":{"start":{"line":236,"column":0},"end":{"line":236,"column":64}},"236":{"start":{"line":237,"column":0},"end":{"line":237,"column":3}},"239":{"start":{"line":240,"column":0},"end":{"line":240,"column":106}},"240":{"start":{"line":241,"column":0},"end":{"line":241,"column":52}},"241":{"start":{"line":242,"column":0},"end":{"line":242,"column":36}},"242":{"start":{"line":243,"column":0},"end":{"line":243,"column":36}},"243":{"start":{"line":244,"column":0},"end":{"line":244,"column":71}},"244":{"start":{"line":245,"column":0},"end":{"line":245,"column":3}},"247":{"start":{"line":248,"column":0},"end":{"line":248,"column":87}},"248":{"start":{"line":249,"column":0},"end":{"line":249,"column":82}},"249":{"start":{"line":250,"column":0},"end":{"line":250,"column":3}},"251":{"start":{"line":252,"column":0},"end":{"line":252,"column":88}},"252":{"start":{"line":253,"column":0},"end":{"line":253,"column":99}},"253":{"start":{"line":254,"column":0},"end":{"line":254,"column":3}},"256":{"start":{"line":257,"column":0},"end":{"line":257,"column":75}},"257":{"start":{"line":258,"column":0},"end":{"line":258,"column":56}},"258":{"start":{"line":259,"column":0},"end":{"line":259,"column":3}},"261":{"start":{"line":262,"column":0},"end":{"line":262,"column":60}},"262":{"start":{"line":263,"column":0},"end":{"line":263,"column":59}},"263":{"start":{"line":264,"column":0},"end":{"line":264,"column":3}},"265":{"start":{"line":266,"column":0},"end":{"line":266,"column":97}},"266":{"start":{"line":267,"column":0},"end":{"line":267,"column":52}},"267":{"start":{"line":268,"column":0},"end":{"line":268,"column":36}},"268":{"start":{"line":269,"column":0},"end":{"line":269,"column":80}},"269":{"start":{"line":270,"column":0},"end":{"line":270,"column":3}},"272":{"start":{"line":273,"column":0},"end":{"line":273,"column":54}},"273":{"start":{"line":274,"column":0},"end":{"line":274,"column":57}},"274":{"start":{"line":275,"column":0},"end":{"line":275,"column":51}},"275":{"start":{"line":276,"column":0},"end":{"line":276,"column":7}},"276":{"start":{"line":277,"column":0},"end":{"line":277,"column":3}},"279":{"start":{"line":280,"column":0},"end":{"line":280,"column":40}},"280":{"start":{"line":281,"column":0},"end":{"line":281,"column":27}},"281":{"start":{"line":282,"column":0},"end":{"line":282,"column":33}},"282":{"start":{"line":283,"column":0},"end":{"line":283,"column":67}},"283":{"start":{"line":284,"column":0},"end":{"line":284,"column":3}},"286":{"start":{"line":287,"column":0},"end":{"line":287,"column":60}},"287":{"start":{"line":288,"column":0},"end":{"line":288,"column":55}},"288":{"start":{"line":289,"column":0},"end":{"line":289,"column":3}},"291":{"start":{"line":292,"column":0},"end":{"line":292,"column":103}},"292":{"start":{"line":293,"column":0},"end":{"line":293,"column":27}},"293":{"start":{"line":294,"column":0},"end":{"line":294,"column":33}},"294":{"start":{"line":295,"column":0},"end":{"line":295,"column":97}},"295":{"start":{"line":296,"column":0},"end":{"line":296,"column":3}},"298":{"start":{"line":299,"column":0},"end":{"line":299,"column":109}},"299":{"start":{"line":300,"column":0},"end":{"line":300,"column":52}},"300":{"start":{"line":301,"column":0},"end":{"line":301,"column":48}},"301":{"start":{"line":302,"column":0},"end":{"line":302,"column":33}},"302":{"start":{"line":303,"column":0},"end":{"line":303,"column":70}},"303":{"start":{"line":304,"column":0},"end":{"line":304,"column":3}},"306":{"start":{"line":307,"column":0},"end":{"line":307,"column":95}},"307":{"start":{"line":308,"column":0},"end":{"line":308,"column":52}},"308":{"start":{"line":309,"column":0},"end":{"line":309,"column":39}},"309":{"start":{"line":310,"column":0},"end":{"line":310,"column":36}},"310":{"start":{"line":311,"column":0},"end":{"line":311,"column":67}},"311":{"start":{"line":312,"column":0},"end":{"line":312,"column":3}},"314":{"start":{"line":315,"column":0},"end":{"line":315,"column":107}},"315":{"start":{"line":316,"column":0},"end":{"line":316,"column":52}},"316":{"start":{"line":317,"column":0},"end":{"line":317,"column":39}},"317":{"start":{"line":318,"column":0},"end":{"line":318,"column":36}},"318":{"start":{"line":319,"column":0},"end":{"line":319,"column":71}},"319":{"start":{"line":320,"column":0},"end":{"line":320,"column":3}},"322":{"start":{"line":323,"column":0},"end":{"line":323,"column":28}},"328":{"start":{"line":329,"column":0},"end":{"line":329,"column":28}},"329":{"start":{"line":330,"column":0},"end":{"line":330,"column":72}},"330":{"start":{"line":331,"column":0},"end":{"line":331,"column":67}},"331":{"start":{"line":332,"column":0},"end":{"line":332,"column":67}},"332":{"start":{"line":333,"column":0},"end":{"line":333,"column":51}},"333":{"start":{"line":334,"column":0},"end":{"line":334,"column":55}},"334":{"start":{"line":335,"column":0},"end":{"line":335,"column":88}},"335":{"start":{"line":336,"column":0},"end":{"line":336,"column":3}},"337":{"start":{"line":338,"column":0},"end":{"line":338,"column":48}},"338":{"start":{"line":339,"column":0},"end":{"line":339,"column":69}},"339":{"start":{"line":340,"column":0},"end":{"line":340,"column":3}},"341":{"start":{"line":342,"column":0},"end":{"line":342,"column":56}},"342":{"start":{"line":343,"column":0},"end":{"line":343,"column":78}},"343":{"start":{"line":344,"column":0},"end":{"line":344,"column":3}},"345":{"start":{"line":346,"column":0},"end":{"line":346,"column":67}},"346":{"start":{"line":347,"column":0},"end":{"line":347,"column":64}},"347":{"start":{"line":348,"column":0},"end":{"line":348,"column":51}},"348":{"start":{"line":349,"column":0},"end":{"line":349,"column":7}},"349":{"start":{"line":350,"column":0},"end":{"line":350,"column":3}},"352":{"start":{"line":353,"column":0},"end":{"line":353,"column":49}},"357":{"start":{"line":358,"column":0},"end":{"line":358,"column":39}},"358":{"start":{"line":359,"column":0},"end":{"line":359,"column":83}},"359":{"start":{"line":360,"column":0},"end":{"line":360,"column":15}},"360":{"start":{"line":361,"column":0},"end":{"line":361,"column":16}},"361":{"start":{"line":362,"column":0},"end":{"line":362,"column":7}},"362":{"start":{"line":363,"column":0},"end":{"line":363,"column":3}},"365":{"start":{"line":366,"column":0},"end":{"line":366,"column":114}},"366":{"start":{"line":367,"column":0},"end":{"line":367,"column":52}},"367":{"start":{"line":368,"column":0},"end":{"line":368,"column":36}},"368":{"start":{"line":369,"column":0},"end":{"line":369,"column":80}},"369":{"start":{"line":370,"column":0},"end":{"line":370,"column":3}},"371":{"start":{"line":372,"column":0},"end":{"line":372,"column":59}},"372":{"start":{"line":373,"column":0},"end":{"line":373,"column":81}},"373":{"start":{"line":374,"column":0},"end":{"line":374,"column":3}},"376":{"start":{"line":377,"column":0},"end":{"line":377,"column":124}},"377":{"start":{"line":378,"column":0},"end":{"line":378,"column":52}},"378":{"start":{"line":379,"column":0},"end":{"line":379,"column":39}},"379":{"start":{"line":380,"column":0},"end":{"line":380,"column":45}},"380":{"start":{"line":381,"column":0},"end":{"line":381,"column":73}},"381":{"start":{"line":382,"column":0},"end":{"line":382,"column":3}},"383":{"start":{"line":384,"column":0},"end":{"line":384,"column":53}},"384":{"start":{"line":385,"column":0},"end":{"line":385,"column":74}},"385":{"start":{"line":386,"column":0},"end":{"line":386,"column":3}},"387":{"start":{"line":388,"column":0},"end":{"line":388,"column":71}},"388":{"start":{"line":389,"column":0},"end":{"line":389,"column":75}},"389":{"start":{"line":390,"column":0},"end":{"line":390,"column":3}},"391":{"start":{"line":392,"column":0},"end":{"line":392,"column":83}},"392":{"start":{"line":393,"column":0},"end":{"line":393,"column":80}},"393":{"start":{"line":394,"column":0},"end":{"line":394,"column":3}},"395":{"start":{"line":396,"column":0},"end":{"line":396,"column":78}},"396":{"start":{"line":397,"column":0},"end":{"line":397,"column":70}},"397":{"start":{"line":398,"column":0},"end":{"line":398,"column":3}},"399":{"start":{"line":400,"column":0},"end":{"line":400,"column":57}},"400":{"start":{"line":401,"column":0},"end":{"line":401,"column":87}},"401":{"start":{"line":402,"column":0},"end":{"line":402,"column":3}},"403":{"start":{"line":404,"column":0},"end":{"line":404,"column":100}},"404":{"start":{"line":405,"column":0},"end":{"line":405,"column":82}},"405":{"start":{"line":406,"column":0},"end":{"line":406,"column":3}},"407":{"start":{"line":408,"column":0},"end":{"line":408,"column":53}},"408":{"start":{"line":409,"column":0},"end":{"line":409,"column":79}},"409":{"start":{"line":410,"column":0},"end":{"line":410,"column":3}},"412":{"start":{"line":413,"column":0},"end":{"line":413,"column":71}},"413":{"start":{"line":414,"column":0},"end":{"line":414,"column":91}},"414":{"start":{"line":415,"column":0},"end":{"line":415,"column":3}},"416":{"start":{"line":417,"column":0},"end":{"line":417,"column":51}},"417":{"start":{"line":418,"column":0},"end":{"line":418,"column":76}},"418":{"start":{"line":419,"column":0},"end":{"line":419,"column":3}},"421":{"start":{"line":422,"column":0},"end":{"line":422,"column":36}},"422":{"start":{"line":423,"column":0},"end":{"line":423,"column":61}},"423":{"start":{"line":424,"column":0},"end":{"line":424,"column":3}},"425":{"start":{"line":426,"column":0},"end":{"line":426,"column":38}},"426":{"start":{"line":427,"column":0},"end":{"line":427,"column":63}},"427":{"start":{"line":428,"column":0},"end":{"line":428,"column":3}},"430":{"start":{"line":431,"column":0},"end":{"line":431,"column":94}},"431":{"start":{"line":432,"column":0},"end":{"line":432,"column":67}},"432":{"start":{"line":433,"column":0},"end":{"line":433,"column":14}},"433":{"start":{"line":434,"column":0},"end":{"line":434,"column":18}},"434":{"start":{"line":435,"column":0},"end":{"line":435,"column":11}},"435":{"start":{"line":436,"column":0},"end":{"line":436,"column":7}},"436":{"start":{"line":437,"column":0},"end":{"line":437,"column":3}},"437":{"start":{"line":438,"column":0},"end":{"line":438,"column":1}}},"s":{"0":1,"211":1,"212":1,"213":1,"214":1,"215":183,"216":183,"219":183,"220":3,"221":3,"223":183,"224":25,"225":25,"228":183,"229":29,"230":29,"231":29,"232":29,"234":183,"235":2,"236":2,"239":183,"240":32,"241":32,"242":32,"243":32,"244":32,"247":183,"248":4,"249":4,"251":183,"252":30,"253":30,"256":183,"257":25,"258":25,"261":183,"262":28,"263":28,"265":183,"266":28,"267":28,"268":28,"269":28,"272":183,"273":1,"274":1,"275":1,"276":1,"279":183,"280":0,"281":0,"282":0,"283":0,"286":183,"287":1,"288":1,"291":183,"292":0,"293":0,"294":0,"295":0,"298":183,"299":0,"300":0,"301":0,"302":0,"303":0,"306":183,"307":0,"308":0,"309":0,"310":0,"311":0,"314":183,"315":0,"316":0,"317":0,"318":0,"319":0,"322":183,"328":0,"329":0,"330":0,"331":0,"332":0,"333":0,"334":0,"335":0,"337":183,"338":0,"339":0,"341":183,"342":0,"343":0,"345":183,"346":0,"347":0,"348":0,"349":0,"352":183,"357":0,"358":0,"359":0,"360":0,"361":0,"362":0,"365":183,"366":0,"367":0,"368":0,"369":0,"371":183,"372":0,"373":0,"376":183,"377":0,"378":0,"379":0,"380":0,"381":0,"383":183,"384":0,"385":0,"387":183,"388":0,"389":0,"391":183,"392":0,"393":0,"395":183,"396":0,"397":0,"399":183,"400":0,"401":0,"403":183,"404":0,"405":0,"407":183,"408":0,"409":0,"412":183,"413":0,"414":0,"416":183,"417":0,"418":0,"421":183,"422":0,"423":0,"425":183,"426":0,"427":0,"430":183,"431":0,"432":0,"433":0,"434":0,"435":0,"436":0,"437":183},"branchMap":{"0":{"type":"branch","line":215,"loc":{"start":{"line":215,"column":24},"end":{"line":438,"column":1}},"locations":[{"start":{"line":215,"column":24},"end":{"line":438,"column":1}}]},"1":{"type":"branch","line":220,"loc":{"start":{"line":220,"column":2},"end":{"line":222,"column":3}},"locations":[{"start":{"line":220,"column":2},"end":{"line":222,"column":3}}]},"2":{"type":"branch","line":224,"loc":{"start":{"line":224,"column":2},"end":{"line":226,"column":3}},"locations":[{"start":{"line":224,"column":2},"end":{"line":226,"column":3}}]},"3":{"type":"branch","line":229,"loc":{"start":{"line":229,"column":2},"end":{"line":233,"column":3}},"locations":[{"start":{"line":229,"column":2},"end":{"line":233,"column":3}}]},"4":{"type":"branch","line":235,"loc":{"start":{"line":235,"column":2},"end":{"line":237,"column":3}},"locations":[{"start":{"line":235,"column":2},"end":{"line":237,"column":3}}]},"5":{"type":"branch","line":240,"loc":{"start":{"line":240,"column":2},"end":{"line":245,"column":3}},"locations":[{"start":{"line":240,"column":2},"end":{"line":245,"column":3}}]},"6":{"type":"branch","line":242,"loc":{"start":{"line":242,"column":15},"end":{"line":242,"column":36}},"locations":[{"start":{"line":242,"column":15},"end":{"line":242,"column":36}}]},"7":{"type":"branch","line":243,"loc":{"start":{"line":243,"column":15},"end":{"line":243,"column":36}},"locations":[{"start":{"line":243,"column":15},"end":{"line":243,"column":36}}]},"8":{"type":"branch","line":248,"loc":{"start":{"line":248,"column":2},"end":{"line":250,"column":3}},"locations":[{"start":{"line":248,"column":2},"end":{"line":250,"column":3}}]},"9":{"type":"branch","line":252,"loc":{"start":{"line":252,"column":2},"end":{"line":254,"column":3}},"locations":[{"start":{"line":252,"column":2},"end":{"line":254,"column":3}}]},"10":{"type":"branch","line":257,"loc":{"start":{"line":257,"column":2},"end":{"line":259,"column":3}},"locations":[{"start":{"line":257,"column":2},"end":{"line":259,"column":3}}]},"11":{"type":"branch","line":262,"loc":{"start":{"line":262,"column":2},"end":{"line":264,"column":3}},"locations":[{"start":{"line":262,"column":2},"end":{"line":264,"column":3}}]},"12":{"type":"branch","line":266,"loc":{"start":{"line":266,"column":2},"end":{"line":270,"column":3}},"locations":[{"start":{"line":266,"column":2},"end":{"line":270,"column":3}}]},"13":{"type":"branch","line":268,"loc":{"start":{"line":268,"column":15},"end":{"line":268,"column":36}},"locations":[{"start":{"line":268,"column":15},"end":{"line":268,"column":36}}]},"14":{"type":"branch","line":273,"loc":{"start":{"line":273,"column":2},"end":{"line":277,"column":3}},"locations":[{"start":{"line":273,"column":2},"end":{"line":277,"column":3}}]},"15":{"type":"branch","line":287,"loc":{"start":{"line":287,"column":2},"end":{"line":289,"column":3}},"locations":[{"start":{"line":287,"column":2},"end":{"line":289,"column":3}}]}},"b":{"0":[183],"1":[3],"2":[25],"3":[29],"4":[2],"5":[32],"6":[1],"7":[5],"8":[4],"9":[30],"10":[25],"11":[28],"12":[28],"13":[0],"14":[1],"15":[1]},"fnMap":{"0":{"name":"<instance_members_initializer>","decl":{"start":{"line":215,"column":24},"end":{"line":438,"column":1}},"loc":{"start":{"line":215,"column":24},"end":{"line":438,"column":1}},"line":215},"1":{"name":"getHealth","decl":{"start":{"line":220,"column":2},"end":{"line":222,"column":3}},"loc":{"start":{"line":220,"column":2},"end":{"line":222,"column":3}},"line":220},"2":{"name":"getStats","decl":{"start":{"line":224,"column":2},"end":{"line":226,"column":3}},"loc":{"start":{"line":224,"column":2},"end":{"line":226,"column":3}},"line":224},"3":{"name":"getSessions","decl":{"start":{"line":229,"column":2},"end":{"line":233,"column":3}},"loc":{"start":{"line":229,"column":2},"end":{"line":233,"column":3}},"line":229},"4":{"name":"getSession","decl":{"start":{"line":235,"column":2},"end":{"line":237,"column":3}},"loc":{"start":{"line":235,"column":2},"end":{"line":237,"column":3}},"line":235},"5":{"name":"getLearnings","decl":{"start":{"line":240,"column":2},"end":{"line":245,"column":3}},"loc":{"start":{"line":240,"column":2},"end":{"line":245,"column":3}},"line":240},"6":{"name":"getFileIntel","decl":{"start":{"line":248,"column":2},"end":{"line":250,"column":3}},"loc":{"start":{"line":248,"column":2},"end":{"line":250,"column":3}},"line":248},"7":{"name":"getHotspots","decl":{"start":{"line":252,"column":2},"end":{"line":254,"column":3}},"loc":{"start":{"line":252,"column":2},"end":{"line":254,"column":3}},"line":252},"8":{"name":"getActiveAgents","decl":{"start":{"line":257,"column":2},"end":{"line":259,"column":3}},"loc":{"start":{"line":257,"column":2},"end":{"line":259,"column":3}},"line":257},"9":{"name":"getCorridors","decl":{"start":{"line":262,"column":2},"end":{"line":264,"column":3}},"loc":{"start":{"line":262,"column":2},"end":{"line":264,"column":3}},"line":262},"10":{"name":"getPersonalLearnings","decl":{"start":{"line":266,"column":2},"end":{"line":270,"column":3}},"loc":{"start":{"line":266,"column":2},"end":{"line":270,"column":3}},"line":266},"11":{"name":"search","decl":{"start":{"line":273,"column":2},"end":{"line":277,"column":3}},"loc":{"start":{"line":273,"column":2},"end":{"line":277,"column":3}},"line":273},"12":{"name":"getBrief","decl":{"start":{"line":280,"column":2},"end":{"line":284,"column":3}},"loc":{"start":{"line":280,"column":2},"end":{"line":284,"column":3}},"line":280},"13":{"name":"getRooms","decl":{"start":{"line":287,"column":2},"end":{"line":289,"column":3}},"loc":{"start":{"line":287,"column":2},"end":{"line":289,"column":3}},"line":287},"14":{"name":"getGraph","decl":{"start":{"line":292,"column":2},"end":{"line":296,"column":3}},"loc":{"start":{"line":292,"column":2},"end":{"line":296,"column":3}},"line":292},"15":{"name":"getActivity","decl":{"start":{"line":299,"column":2},"end":{"line":304,"column":3}},"loc":{"start":{"line":299,"column":2},"end":{"line":304,"column":3}},"line":299},"16":{"name":"getIdeas","decl":{"start":{"line":307,"column":2},"end":{"line":312,"column":3}},"loc":{"start":{"line":307,"column":2},"end":{"line":312,"column":3}},"line":307},"17":{"name":"getDecisions","decl":{"start":{"line":315,"column":2},"end":{"line":320,"column":3}},"loc":{"start":{"line":315,"column":2},"end":{"line":320,"column":3}},"line":315},"18":{"name":"getConversations","decl":{"start":{"line":323,"column":2},"end":{"line":336,"column":3}},"loc":{"start":{"line":323,"column":2},"end":{"line":336,"column":3}},"line":323},"19":{"name":"getConversation","decl":{"start":{"line":338,"column":2},"end":{"line":340,"column":3}},"loc":{"start":{"line":338,"column":2},"end":{"line":340,"column":3}},"line":338},"20":{"name":"getConversationTimeline","decl":{"start":{"line":342,"column":2},"end":{"line":344,"column":3}},"loc":{"start":{"line":342,"column":2},"end":{"line":344,"column":3}},"line":342},"21":{"name":"searchConversations","decl":{"start":{"line":346,"column":2},"end":{"line":350,"column":3}},"loc":{"start":{"line":346,"column":2},"end":{"line":350,"column":3}},"line":346},"22":{"name":"getContextPreview","decl":{"start":{"line":353,"column":2},"end":{"line":363,"column":3}},"loc":{"start":{"line":353,"column":2},"end":{"line":363,"column":3}},"line":353},"23":{"name":"getDecisionTimeline","decl":{"start":{"line":366,"column":2},"end":{"line":370,"column":3}},"loc":{"start":{"line":366,"column":2},"end":{"line":370,"column":3}},"line":366},"24":{"name":"getDecisionChain","decl":{"start":{"line":372,"column":2},"end":{"line":374,"column":3}},"loc":{"start":{"line":372,"column":2},"end":{"line":374,"column":3}},"line":372},"25":{"name":"getPostmortems","decl":{"start":{"line":377,"column":2},"end":{"line":382,"column":3}},"loc":{"start":{"line":377,"column":2},"end":{"line":382,"column":3}},"line":377},"26":{"name":"getPostmortem","decl":{"start":{"line":384,"column":2},"end":{"line":386,"column":3}},"loc":{"start":{"line":384,"column":2},"end":{"line":386,"column":3}},"line":384},"27":{"name":"createPostmortem","decl":{"start":{"line":388,"column":2},"end":{"line":390,"column":3}},"loc":{"start":{"line":388,"column":2},"end":{"line":390,"column":3}},"line":388},"28":{"name":"updatePostmortem","decl":{"start":{"line":392,"column":2},"end":{"line":394,"column":3}},"loc":{"start":{"line":392,"column":2},"end":{"line":394,"column":3}},"line":392},"29":{"name":"deletePostmortem","decl":{"start":{"line":396,"column":2},"end":{"line":398,"column":3}},"loc":{"start":{"line":396,"column":2},"end":{"line":398,"column":3}},"line":396},"30":{"name":"resolvePostmortem","decl":{"start":{"line":400,"column":2},"end":{"line":402,"column":3}},"loc":{"start":{"line":400,"column":2},"end":{"line":402,"column":3}},"line":400},"31":{"name":"convertPostmortemToLearnings","decl":{"start":{"line":404,"column":2},"end":{"line":406,"column":3}},"loc":{"start":{"line":404,"column":2},"end":{"line":406,"column":3}},"line":404},"32":{"name":"getPostmortemStats","decl":{"start":{"line":408,"column":2},"end":{"line":410,"column":3}},"loc":{"start":{"line":408,"column":2},"end":{"line":410,"column":3}},"line":408},"33":{"name":"getScopeExplanation","decl":{"start":{"line":413,"column":2},"end":{"line":415,"column":3}},"loc":{"start":{"line":413,"column":2},"end":{"line":415,"column":3}},"line":413},"34":{"name":"getScopeHierarchy","decl":{"start":{"line":417,"column":2},"end":{"line":419,"column":3}},"loc":{"start":{"line":417,"column":2},"end":{"line":419,"column":3}},"line":417},"35":{"name":"getDecayStats","decl":{"start":{"line":422,"column":2},"end":{"line":424,"column":3}},"loc":{"start":{"line":422,"column":2},"end":{"line":424,"column":3}},"line":422},"36":{"name":"getDecayPreview","decl":{"start":{"line":426,"column":2},"end":{"line":428,"column":3}},"loc":{"start":{"line":426,"column":2},"end":{"line":428,"column":3}},"line":426},"37":{"name":"getSmartBriefing","decl":{"start":{"line":431,"column":2},"end":{"line":437,"column":3}},"loc":{"start":{"line":431,"column":2},"end":{"line":437,"column":3}},"line":431}},"f":{"0":183,"1":3,"2":25,"3":29,"4":2,"5":32,"6":4,"7":30,"8":25,"9":28,"10":28,"11":1,"12":0,"13":1,"14":0,"15":0,"16":0,"17":0,"18":0,"19":0,"20":0,"21":0,"22":0,"23":0,"24":0,"25":0,"26":0,"27":0,"28":0,"29":0,"30":0,"31":0,"32":0,"33":0,"34":0,"35":0,"36":0,"37":0}}
,"C:\\git\\mind-palace\\apps\\dashboard\\src\\app\\core\\services\\logger.service.ts": {"path":"C:\\git\\mind-palace\\apps\\dashboard\\src\\app\\core\\services\\logger.service.ts","all":false,"statementMap":{"0":{"start":{"line":1,"column":0},"end":{"line":1,"column":78}},"9":{"start":{"line":10,"column":0},"end":{"line":10,"column":22}},"10":{"start":{"line":11,"column":0},"end":{"line":11,"column":12}},"11":{"start":{"line":12,"column":0},"end":{"line":12,"column":11}},"12":{"start":{"line":13,"column":0},"end":{"line":13,"column":11}},"13":{"start":{"line":14,"column":0},"end":{"line":14,"column":12}},"14":{"start":{"line":15,"column":0},"end":{"line":15,"column":12}},"39":{"start":{"line":40,"column":0},"end":{"line":40,"column":79}},"41":{"start":{"line":42,"column":0},"end":{"line":42,"column":52}},"42":{"start":{"line":43,"column":0},"end":{"line":43,"column":57}},"43":{"start":{"line":44,"column":0},"end":{"line":44,"column":22}},"44":{"start":{"line":45,"column":0},"end":{"line":45,"column":29}},"45":{"start":{"line":46,"column":0},"end":{"line":46,"column":30}},"46":{"start":{"line":47,"column":0},"end":{"line":47,"column":16}},"47":{"start":{"line":48,"column":0},"end":{"line":48,"column":24}},"48":{"start":{"line":49,"column":0},"end":{"line":49,"column":33}},"49":{"start":{"line":50,"column":0},"end":{"line":50,"column":2}},"55":{"start":{"line":56,"column":0},"end":{"line":56,"column":35}},"56":{"start":{"line":57,"column":0},"end":{"line":57,"column":28}},"57":{"start":{"line":58,"column":0},"end":{"line":58,"column":65}},"58":{"start":{"line":59,"column":0},"end":{"line":59,"column":27}},"59":{"start":{"line":60,"column":0},"end":{"line":60,"column":71}},"61":{"start":{"line":62,"column":0},"end":{"line":62,"column":55}},"62":{"start":{"line":63,"column":0},"end":{"line":63,"column":47}},"64":{"start":{"line":65,"column":0},"end":{"line":65,"column":17}},"65":{"start":{"line":66,"column":0},"end":{"line":66,"column":35}},"66":{"start":{"line":67,"column":0},"end":{"line":67,"column":3}},"72":{"start":{"line":73,"column":0},"end":{"line":73,"column":8}},"73":{"start":{"line":74,"column":0},"end":{"line":74,"column":20}},"74":{"start":{"line":75,"column":0},"end":{"line":75,"column":21}},"75":{"start":{"line":76,"column":0},"end":{"line":76,"column":34}},"76":{"start":{"line":77,"column":0},"end":{"line":77,"column":11}},"77":{"start":{"line":78,"column":0},"end":{"line":78,"column":57}},"78":{"start":{"line":79,"column":0},"end":{"line":79,"column":3}},"80":{"start":{"line":81,"column":0},"end":{"line":81,"column":7}},"81":{"start":{"line":82,"column":0},"end":{"line":82,"column":20}},"82":{"start":{"line":83,"column":0},"end":{"line":83,"column":21}},"83":{"start":{"line":84,"column":0},"end":{"line":84,"column":34}},"84":{"start":{"line":85,"column":0},"end":{"line":85,"column":11}},"85":{"start":{"line":86,"column":0},"end":{"line":86,"column":56}},"86":{"start":{"line":87,"column":0},"end":{"line":87,"column":3}},"88":{"start":{"line":89,"column":0},"end":{"line":89,"column":7}},"89":{"start":{"line":90,"column":0},"end":{"line":90,"column":20}},"90":{"start":{"line":91,"column":0},"end":{"line":91,"column":21}},"91":{"start":{"line":92,"column":0},"end":{"line":92,"column":34}},"92":{"start":{"line":93,"column":0},"end":{"line":93,"column":11}},"93":{"start":{"line":94,"column":0},"end":{"line":94,"column":56}},"94":{"start":{"line":95,"column":0},"end":{"line":95,"column":3}},"96":{"start":{"line":97,"column":0},"end":{"line":97,"column":8}},"97":{"start":{"line":98,"column":0},"end":{"line":98,"column":20}},"98":{"start":{"line":99,"column":0},"end":{"line":99,"column":28}},"99":{"start":{"line":100,"column":0},"end":{"line":100,"column":21}},"100":{"start":{"line":101,"column":0},"end":{"line":101,"column":34}},"101":{"start":{"line":102,"column":0},"end":{"line":102,"column":11}},"102":{"start":{"line":103,"column":0},"end":{"line":103,"column":71}},"103":{"start":{"line":104,"column":0},"end":{"line":104,"column":3}},"105":{"start":{"line":106,"column":0},"end":{"line":106,"column":8}},"106":{"start":{"line":107,"column":0},"end":{"line":107,"column":20}},"107":{"start":{"line":108,"column":0},"end":{"line":108,"column":28}},"108":{"start":{"line":109,"column":0},"end":{"line":109,"column":21}},"109":{"start":{"line":110,"column":0},"end":{"line":110,"column":34}},"110":{"start":{"line":111,"column":0},"end":{"line":111,"column":11}},"111":{"start":{"line":112,"column":0},"end":{"line":112,"column":71}},"112":{"start":{"line":113,"column":0},"end":{"line":113,"column":3}},"118":{"start":{"line":119,"column":0},"end":{"line":119,"column":46}},"119":{"start":{"line":120,"column":0},"end":{"line":120,"column":44}},"120":{"start":{"line":121,"column":0},"end":{"line":121,"column":3}},"126":{"start":{"line":127,"column":0},"end":{"line":127,"column":14}},"127":{"start":{"line":128,"column":0},"end":{"line":128,"column":20}},"128":{"start":{"line":129,"column":0},"end":{"line":129,"column":20}},"129":{"start":{"line":130,"column":0},"end":{"line":130,"column":21}},"130":{"start":{"line":131,"column":0},"end":{"line":131,"column":34}},"131":{"start":{"line":132,"column":0},"end":{"line":132,"column":11}},"133":{"start":{"line":134,"column":0},"end":{"line":134,"column":39}},"134":{"start":{"line":135,"column":0},"end":{"line":135,"column":13}},"135":{"start":{"line":136,"column":0},"end":{"line":136,"column":5}},"137":{"start":{"line":138,"column":0},"end":{"line":138,"column":29}},"138":{"start":{"line":139,"column":0},"end":{"line":139,"column":42}},"139":{"start":{"line":140,"column":0},"end":{"line":140,"column":12}},"140":{"start":{"line":141,"column":0},"end":{"line":141,"column":14}},"141":{"start":{"line":142,"column":0},"end":{"line":142,"column":14}},"142":{"start":{"line":143,"column":0},"end":{"line":143,"column":15}},"143":{"start":{"line":144,"column":0},"end":{"line":144,"column":32}},"144":{"start":{"line":145,"column":0},"end":{"line":145,"column":6}},"147":{"start":{"line":148,"column":0},"end":{"line":148,"column":30}},"148":{"start":{"line":149,"column":0},"end":{"line":149,"column":38}},"149":{"start":{"line":150,"column":0},"end":{"line":150,"column":80}},"150":{"start":{"line":151,"column":0},"end":{"line":151,"column":51}},"151":{"start":{"line":152,"column":0},"end":{"line":152,"column":7}},"152":{"start":{"line":153,"column":0},"end":{"line":153,"column":5}},"155":{"start":{"line":156,"column":0},"end":{"line":156,"column":36}},"156":{"start":{"line":157,"column":0},"end":{"line":157,"column":31}},"157":{"start":{"line":158,"column":0},"end":{"line":158,"column":5}},"160":{"start":{"line":161,"column":0},"end":{"line":161,"column":35}},"161":{"start":{"line":162,"column":0},"end":{"line":162,"column":33}},"162":{"start":{"line":163,"column":0},"end":{"line":163,"column":5}},"163":{"start":{"line":164,"column":0},"end":{"line":164,"column":3}},"169":{"start":{"line":170,"column":0},"end":{"line":170,"column":47}},"170":{"start":{"line":171,"column":0},"end":{"line":171,"column":69}},"171":{"start":{"line":172,"column":0},"end":{"line":172,"column":66}},"172":{"start":{"line":173,"column":0},"end":{"line":173,"column":66}},"174":{"start":{"line":175,"column":0},"end":{"line":175,"column":53}},"176":{"start":{"line":177,"column":0},"end":{"line":177,"column":40}},"177":{"start":{"line":178,"column":0},"end":{"line":178,"column":54}},"178":{"start":{"line":179,"column":0},"end":{"line":179,"column":12}},"179":{"start":{"line":180,"column":0},"end":{"line":180,"column":25}},"180":{"start":{"line":181,"column":0},"end":{"line":181,"column":5}},"183":{"start":{"line":184,"column":0},"end":{"line":184,"column":42}},"184":{"start":{"line":185,"column":0},"end":{"line":185,"column":44}},"185":{"start":{"line":186,"column":0},"end":{"line":186,"column":36}},"186":{"start":{"line":187,"column":0},"end":{"line":187,"column":25}},"187":{"start":{"line":188,"column":0},"end":{"line":188,"column":5}},"188":{"start":{"line":189,"column":0},"end":{"line":189,"column":3}},"190":{"start":{"line":191,"column":0},"end":{"line":191,"column":71}},"191":{"start":{"line":192,"column":0},"end":{"line":192,"column":20}},"192":{"start":{"line":193,"column":0},"end":{"line":193,"column":26}},"193":{"start":{"line":194,"column":0},"end":{"line":194,"column":43}},"194":{"start":{"line":195,"column":0},"end":{"line":195,"column":25}},"195":{"start":{"line":196,"column":0},"end":{"line":196,"column":42}},"196":{"start":{"line":197,"column":0},"end":{"line":197,"column":25}},"197":{"start":{"line":198,"column":0},"end":{"line":198,"column":42}},"198":{"start":{"line":199,"column":0},"end":{"line":199,"column":26}},"199":{"start":{"line":200,"column":0},"end":{"line":200,"column":26}},"200":{"start":{"line":201,"column":0},"end":{"line":201,"column":43}},"201":{"start":{"line":202,"column":0},"end":{"line":202,"column":14}},"202":{"start":{"line":203,"column":0},"end":{"line":203,"column":41}},"203":{"start":{"line":204,"column":0},"end":{"line":204,"column":5}},"204":{"start":{"line":205,"column":0},"end":{"line":205,"column":3}},"210":{"start":{"line":211,"column":0},"end":{"line":211,"column":43}},"211":{"start":{"line":212,"column":0},"end":{"line":212,"column":50}},"212":{"start":{"line":213,"column":0},"end":{"line":213,"column":13}},"213":{"start":{"line":214,"column":0},"end":{"line":214,"column":5}},"216":{"start":{"line":217,"column":0},"end":{"line":217,"column":18}},"217":{"start":{"line":218,"column":0},"end":{"line":218,"column":12}},"218":{"start":{"line":219,"column":0},"end":{"line":219,"column":73}},"219":{"start":{"line":220,"column":0},"end":{"line":220,"column":42}},"220":{"start":{"line":221,"column":0},"end":{"line":221,"column":56}},"221":{"start":{"line":222,"column":0},"end":{"line":222,"column":7}},"222":{"start":{"line":223,"column":0},"end":{"line":223,"column":18}},"223":{"start":{"line":224,"column":0},"end":{"line":224,"column":79}},"224":{"start":{"line":225,"column":0},"end":{"line":225,"column":9}},"225":{"start":{"line":226,"column":0},"end":{"line":226,"column":3}},"227":{"start":{"line":228,"column":0},"end":{"line":228,"column":65}},"228":{"start":{"line":229,"column":0},"end":{"line":229,"column":52}},"229":{"start":{"line":230,"column":0},"end":{"line":230,"column":27}},"230":{"start":{"line":231,"column":0},"end":{"line":231,"column":5}},"232":{"start":{"line":233,"column":0},"end":{"line":233,"column":21}},"233":{"start":{"line":234,"column":0},"end":{"line":234,"column":32}},"234":{"start":{"line":235,"column":0},"end":{"line":235,"column":15}},"236":{"start":{"line":237,"column":0},"end":{"line":237,"column":14}},"237":{"start":{"line":238,"column":0},"end":{"line":238,"column":36}},"238":{"start":{"line":239,"column":0},"end":{"line":239,"column":66}},"239":{"start":{"line":240,"column":0},"end":{"line":240,"column":24}},"240":{"start":{"line":241,"column":0},"end":{"line":241,"column":10}},"241":{"start":{"line":242,"column":0},"end":{"line":242,"column":6}},"243":{"start":{"line":244,"column":0},"end":{"line":244,"column":74}},"244":{"start":{"line":245,"column":0},"end":{"line":245,"column":69}},"245":{"start":{"line":246,"column":0},"end":{"line":246,"column":6}},"246":{"start":{"line":247,"column":0},"end":{"line":247,"column":3}},"252":{"start":{"line":253,"column":0},"end":{"line":253,"column":39}},"253":{"start":{"line":254,"column":0},"end":{"line":254,"column":78}},"254":{"start":{"line":255,"column":0},"end":{"line":255,"column":3}},"255":{"start":{"line":256,"column":0},"end":{"line":256,"column":1}},"261":{"start":{"line":262,"column":0},"end":{"line":262,"column":28}},"262":{"start":{"line":263,"column":0},"end":{"line":263,"column":14}},"263":{"start":{"line":264,"column":0},"end":{"line":264,"column":43}},"264":{"start":{"line":265,"column":0},"end":{"line":265,"column":36}},"265":{"start":{"line":266,"column":0},"end":{"line":266,"column":6}},"267":{"start":{"line":268,"column":0},"end":{"line":268,"column":64}},"268":{"start":{"line":269,"column":0},"end":{"line":269,"column":55}},"269":{"start":{"line":270,"column":0},"end":{"line":270,"column":3}},"271":{"start":{"line":272,"column":0},"end":{"line":272,"column":63}},"272":{"start":{"line":273,"column":0},"end":{"line":273,"column":54}},"273":{"start":{"line":274,"column":0},"end":{"line":274,"column":3}},"275":{"start":{"line":276,"column":0},"end":{"line":276,"column":63}},"276":{"start":{"line":277,"column":0},"end":{"line":277,"column":54}},"277":{"start":{"line":278,"column":0},"end":{"line":278,"column":3}},"279":{"start":{"line":280,"column":0},"end":{"line":280,"column":8}},"280":{"start":{"line":281,"column":0},"end":{"line":281,"column":20}},"281":{"start":{"line":282,"column":0},"end":{"line":282,"column":28}},"282":{"start":
[...]
,"C:\\git\\mind-palace\\apps\\dashboard\\src\\app\\features\\rooms\\rooms.component.ts": {"path":"C:\\git\\mind-palace\\apps\\dashboard\\src\\app\\features\\rooms\\rooms.component.ts","all":true,"statementMap":{"0":{"start":{"line":1,"column":0},"end":{"line":1,"column":66}},"5":{"start":{"line":6,"column":0},"end":{"line":6,"column":12}},"6":{"start":{"line":7,"column":0},"end":{"line":7,"column":26}},"7":{"start":{"line":8,"column":0},"end":{"line":8,"column":27}},"8":{"start":{"line":9,"column":0},"end":{"line":9,"column":15}},"127":{"start":{"line":128,"column":0},"end":{"line":128,"column":14}},"344":{"start":{"line":345,"column":0},"end":{"line":345,"column":4}},"345":{"start":{"line":346,"column":0},"end":{"line":346,"column":2}},"346":{"start":{"line":347,"column":0},"end":{"line":347,"column":47}},"347":{"start":{"line":348,"column":0},"end":{"line":348,"column":44}},"349":{"start":{"line":350,"column":0},"end":{"line":350,"column":29}},"350":{"start":{"line":351,"column":0},"end":{"line":351,"column":37}},"351":{"start":{"line":352,"column":0},"end":{"line":352,"column":25}},"352":{"start":{"line":353,"column":0},"end":{"line":353,"column":38}},"353":{"start":{"line":354,"column":0},"end":{"line":354,"column":45}},"354":{"start":{"line":355,"column":0},"end":{"line":355,"column":31}},"355":{"start":{"line":356,"column":0},"end":{"line":356,"column":18}},"357":{"start":{"line":358,"column":0},"end":{"line":358,"column":14}},"358":{"start":{"line":359,"column":0},"end":{"line":359,"column":21}},"359":{"start":{"line":360,"column":0},"end":{"line":360,"column":3}},"361":{"start":{"line":362,"column":0},"end":{"line":362,"column":15}},"362":{"start":{"line":363,"column":0},"end":{"line":363,"column":27}},"363":{"start":{"line":364,"column":0},"end":{"line":364,"column":25}},"365":{"start":{"line":366,"column":0},"end":{"line":366,"column":35}},"366":{"start":{"line":367,"column":0},"end":{"line":367,"column":23}},"367":{"start":{"line":368,"column":0},"end":{"line":368,"column":41}},"368":{"start":{"line":369,"column":0},"end":{"line":369,"column":49}},"369":{"start":{"line":370,"column":0},"end":{"line":370,"column":32}},"370":{"start":{"line":371,"column":0},"end":{"line":371,"column":8}},"371":{"start":{"line":372,"column":0},"end":{"line":372,"column":23}},"372":{"start":{"line":373,"column":0},"end":{"line":373,"column":62}},"373":{"start":{"line":374,"column":0},"end":{"line":374,"column":32}},"374":{"start":{"line":375,"column":0},"end":{"line":375,"column":7}},"375":{"start":{"line":376,"column":0},"end":{"line":376,"column":7}},"376":{"start":{"line":377,"column":0},"end":{"line":377,"column":3}},"378":{"start":{"line":379,"column":0},"end":{"line":379,"column":17}},"379":{"start":{"line":380,"column":0},"end":{"line":380,"column":47}},"380":{"start":{"line":381,"column":0},"end":{"line":381,"column":16}},"381":{"start":{"line":382,"column":0},"end":{"line":382,"column":43}},"382":{"start":{"line":383,"column":0},"end":{"line":383,"column":13}},"383":{"start":{"line":384,"column":0},"end":{"line":384,"column":5}},"385":{"start":{"line":386,"column":0},"end":{"line":386,"column":27}},"386":{"start":{"line":387,"column":0},"end":{"line":387,"column":33}},"387":{"start":{"line":388,"column":0},"end":{"line":388,"column":49}},"388":{"start":{"line":389,"column":0},"end":{"line":389,"column":46}},"389":{"start":{"line":390,"column":0},"end":{"line":390,"column":7}},"390":{"start":{"line":391,"column":0},"end":{"line":391,"column":6}},"391":{"start":{"line":392,"column":0},"end":{"line":392,"column":3}},"393":{"start":{"line":394,"column":0},"end":{"line":394,"column":28}},"394":{"start":{"line":395,"column":0},"end":{"line":395,"column":39}},"395":{"start":{"line":396,"column":0},"end":{"line":396,"column":34}},"396":{"start":{"line":397,"column":0},"end":{"line":397,"column":35}},"397":{"start":{"line":398,"column":0},"end":{"line":398,"column":12}},"398":{"start":{"line":399,"column":0},"end":{"line":399,"column":34}},"399":{"start":{"line":400,"column":0},"end":{"line":400,"column":35}},"400":{"start":{"line":401,"column":0},"end":{"line":401,"column":5}},"401":{"start":{"line":402,"column":0},"end":{"line":402,"column":3}},"403":{"start":{"line":404,"column":0},"end":{"line":404,"column":31}},"404":{"start":{"line":405,"column":0},"end":{"line":405,"column":28}},"405":{"start":{"line":406,"column":0},"end":{"line":406,"column":48}},"406":{"start":{"line":407,"column":0},"end":{"line":407,"column":3}},"408":{"start":{"line":409,"column":0},"end":{"line":409,"column":24}},"409":{"start":{"line":410,"column":0},"end":{"line":410,"column":82}},"410":{"start":{"line":411,"column":0},"end":{"line":411,"column":3}},"412":{"start":{"line":413,"column":0},"end":{"line":413,"column":30}},"413":{"start":{"line":414,"column":0},"end":{"line":414,"column":88}},"414":{"start":{"line":415,"column":0},"end":{"line":415,"column":3}},"415":{"start":{"line":416,"column":0},"end":{"line":416,"column":1}}},"s":{"0":0,"5":0,"6":0,"7":0,"8":0,"127":0,"344":0,"345":0,"346":0,"347":0,"349":0,"350":0,"351":0,"352":0,"353":0,"354":0,"355":0,"357":0,"358":0,"359":0,"361":0,"362":0,"363":0,"365":0,"366":0,"367":0,"368":0,"369":0,"370":0,"371":0,"372":0,"373":0,"374":0,"375":0,"376":0,"378":0,"379":0,"380":0,"381":0,"382":0,"383":0,"385":0,"386":0,"387":0,"388":0,"389":0,"390":0,"391":0,"393":0,"394":0,"395":0,"396":0,"397":0,"398":0,"399":0,"400":0,"401":0,"403":0,"404":0,"405":0,"406":0,"408":0,"409":0,"410":0,"412":0,"413":0,"414":0,"415":0},"branchMap":{"0":{"type":"branch","line":1,"loc":{"start":{"line":1,"column":0},"end":{"line":416,"column":-5540}},"locations":[{"start":{"line":1,"column":0},"end":{"line":416,"column":-5540}}]}},"b":{"0":[0]},"fnMap":{"0":{"name":"(empty-report)","decl":{"start":{"line":1,"column":0},"end":{"line":416,"column":-5540}},"loc":{"start":{"line":1,"column":0},"end":{"line":416,"column":-5540}},"line":1}},"f":{"0":0}}
,"C:\\git\\mind-palace\\apps\\dashboard\\src\\app\\features\\scope-explorer\\scope-explorer.component.ts": {"path":"C:\\git\\mind-palace\\apps\\dashboard\\src\\app\\features\\scope-explorer\\scope-explorer.component.ts","all":true,"statementMap":{"0":{"start":{"line":1,"column":0},"end":{"line":1,"column":58}},"5":{"start":{"line":6,"column":0},"end":{"line":6,"column":12}},"6":{"start":{"line":7,"column":0},"end":{"line":7,"column":35}},"7":{"start":{"line":8,"column":0},"end":{"line":8,"column":27}},"8":{"start":{"line":9,"column":0},"end":{"line":9,"column":15}},"184":{"start":{"line":185,"column":0},"end":{"line":185,"column":14}},"636":{"start":{"line":637,"column":0},"end":{"line":637,"column":4}},"637":{"start":{"line":638,"column":0},"end":{"line":638,"column":2}},"638":{"start":{"line":639,"column":0},"end":{"line":639,"column":37}},"639":{"start":{"line":640,"column":0},"end":{"line":640,"column":35}},"641":{"start":{"line":642,"column":0},"end":{"line":642,"column":16}},"642":{"start":{"line":643,"column":0},"end":{"line":643,"column":26}},"643":{"start":{"line":644,"column":0},"end":{"line":644,"column":38}},"644":{"start":{"line":645,"column":0},"end":{"line":645,"column":52}},"645":{"start":{"line":646,"column":0},"end":{"line":646,"column":46}},"646":{"start":{"line":647,"column":0},"end":{"line":647,"column":101}},"648":{"start":{"line":649,"column":0},"end":{"line":649,"column":18}},"649":{"start":{"line":650,"column":0},"end":{"line":650,"column":31}},"651":{"start":{"line":652,"column":0},"end":{"line":652,"column":27}},"652":{"start":{"line":653,"column":0},"end":{"line":653,"column":25}},"653":{"start":{"line":654,"column":0},"end":{"line":654,"column":33}},"655":{"start":{"line":656,"column":0},"end":{"line":656,"column":59}},"656":{"start":{"line":657,"column":0},"end":{"line":657,"column":22}},"657":{"start":{"line":658,"column":0},"end":{"line":658,"column":32}},"658":{"start":{"line":659,"column":0},"end":{"line":659,"column":32}},"659":{"start":{"line":660,"column":0},"end":{"line":660,"column":8}},"660":{"start":{"line":661,"column":0},"end":{"line":661,"column":23}},"661":{"start":{"line":662,"column":0},"end":{"line":662,"column":70}},"662":{"start":{"line":663,"column":0},"end":{"line":663,"column":33}},"663":{"start":{"line":664,"column":0},"end":{"line":664,"column":32}},"664":{"start":{"line":665,"column":0},"end":{"line":665,"column":7}},"665":{"start":{"line":666,"column":0},"end":{"line":666,"column":7}},"666":{"start":{"line":667,"column":0},"end":{"line":667,"column":3}},"668":{"start":{"line":669,"column":0},"end":{"line":669,"column":35}},"669":{"start":{"line":670,"column":0},"end":{"line":670,"column":41}},"670":{"start":{"line":671,"column":0},"end":{"line":671,"column":35}},"671":{"start":{"line":672,"column":0},"end":{"line":672,"column":32}},"672":{"start":{"line":673,"column":0},"end":{"line":673,"column":12}},"673":{"start":{"line":674,"column":0},"end":{"line":674,"column":36}},"674":{"start":{"line":675,"column":0},"end":{"line":675,"column":35}},"675":{"start":{"line":676,"column":0},"end":{"line":676,"column":5}},"676":{"start":{"line":677,"column":0},"end":{"line":677,"column":3}},"678":{"start":{"line":679,"column":0},"end":{"line":679,"column":35}},"681":{"start":{"line":682,"column":0},"end":{"line":682,"column":34}},"682":{"start":{"line":683,"column":0},"end":{"line":683,"column":22}},"685":{"start":{"line":686,"column":0},"end":{"line":686,"column":69}},"686":{"start":{"line":687,"column":0},"end":{"line":687,"column":44}},"687":{"start":{"line":688,"column":0},"end":{"line":688,"column":32}},"688":{"start":{"line":689,"column":0},"end":{"line":689,"column":13}},"689":{"start":{"line":690,"column":0},"end":{"line":690,"column":5}},"693":{"start":{"line":694,"column":0},"end":{"line":694,"column":27}},"694":{"start":{"line":695,"column":0},"end":{"line":695,"column":105}},"695":{"start":{"line":696,"column":0},"end":{"line":696,"column":87}},"696":{"start":{"line":697,"column":0},"end":{"line":697,"column":7}},"697":{"start":{"line":698,"column":0},"end":{"line":698,"column":3}},"699":{"start":{"line":700,"column":0},"end":{"line":700,"column":39}},"700":{"start":{"line":701,"column":0},"end":{"line":701,"column":43}},"701":{"start":{"line":702,"column":0},"end":{"line":702,"column":23}},"702":{"start":{"line":703,"column":0},"end":{"line":703,"column":21}},"703":{"start":{"line":704,"column":0},"end":{"line":704,"column":19}},"704":{"start":{"line":705,"column":0},"end":{"line":705,"column":18}},"705":{"start":{"line":706,"column":0},"end":{"line":706,"column":6}},"706":{"start":{"line":707,"column":0},"end":{"line":707,"column":32}},"707":{"start":{"line":708,"column":0},"end":{"line":708,"column":3}},"709":{"start":{"line":710,"column":0},"end":{"line":710,"column":39}},"710":{"start":{"line":711,"column":0},"end":{"line":711,"column":43}},"711":{"start":{"line":712,"column":0},"end":{"line":712,"column":29}},"712":{"start":{"line":713,"column":0},"end":{"line":713,"column":25}},"713":{"start":{"line":714,"column":0},"end":{"line":714,"column":21}},"714":{"start":{"line":715,"column":0},"end":{"line":715,"column":20}},"715":{"start":{"line":716,"column":0},"end":{"line":716,"column":6}},"716":{"start":{"line":717,"column":0},"end":{"line":717,"column":33}},"717":{"start":{"line":718,"column":0},"end":{"line":718,"column":3}},"719":{"start":{"line":720,"column":0},"end":{"line":720,"column":47}},"720":{"start":{"line":721,"column":0},"end":{"line":721,"column":34}},"721":{"start":{"line":722,"column":0},"end":{"line":722,"column":28}},"722":{"start":{"line":723,"column":0},"end":{"line":723,"column":69}},"723":{"start":{"line":724,"column":0},"end":{"line":724,"column":29}},"724":{"start":{"line":725,"column":0},"end":{"line":725,"column":57}},"725":{"start":{"line":726,"column":0},"end":{"line":726,"column":3}},"726":{"start":{"line":727,"column":0},"end":{"line":727,"column":1}}},"s":{"0":0,"5":0,"6":0,"7":0,"8":0,"184":0,"636":0,"637":0,"638":0,"639":0,"641":0,"642":0,"643":0,"644":0,"645":0,"646":0,"648":0,"649":0,"651":0,"652":0,"653":0,"655":0,"656":0,"657":0,"658":0,"659":0,"660":0,"661":0,"662":0,"663":0,"664":0,"665":0,"666":0,"668":0,"669":0,"670":0,"671":0,"672":0,"673":0,"674":0,"675":0,"676":0,"678":0,"681":0,"682":0,"685":0,"686":0,"687":0,"688":0,"689":0,"693":0,"694":0,"695":0,"696":0,"697":0,"699":0,"700":0,"701":0,"702":0,"703":0,"704":0,"705":0,"706":0,"707":0,"709":0,"710":0,"711":0,"712":0,"713":0,"714":0,"715":0,"716":0,"717":0,"719":0,"720":0,"721":0,"722":0,"723":0,"724":0,"725":0,"726":0},"branchMap":{"0":{"type":"branch","line":1,"loc":{"start":{"line":1,"column":19139},"end":{"line":727,"column":1}},"locations":[{"start":{"line":1,"column":19139},"end":{"line":727,"column":1}}]}},"b":{"0":[0]},"fnMap":{"0":{"name":"(empty-report)","decl":{"start":{"line":1,"column":19139},"end":{"line":727,"column":1}},"loc":{"start":{"line":1,"column":19139},"end":{"line":727,"column":1}},"line":1}},"f":{"0":0}}
,"C:\\git\\mind-palace\\apps\\dashboard\\src\\app\\features\\sessions\\sessions.component.ts": {"path":"C:\\git\\mind-palace\\apps\\dashboard\\src\\app\\features\\sessions\\sessions.component.ts","all":false,"statementMap":{"0":{"start":{"line":1,"column":0},"end":{"line":1,"column":66}},"5":{"start":{"line":6,"column":0},"end":{"line":6,"column":12}},"6":{"start":{"line":7,"column":0},"end":{"line":7,"column":27}},"7":{"start":{"line":8,"column":0},"end":{"line":8,"column":14}},"8":{"start":{"line":9,"column":0},"end":{"line":9,"column":13}},"49":{"start":{"line":50,"column":0},"end":{"line":50,"column":11}},"50":{"start":{"line":51,"column":0},"end":{"line":51,"column":5}},"142":{"start":{"line":143,"column":0},"end":{"line":143,"column":4}},"143":{"start":{"line":144,"column":0},"end":{"line":144,"column":2}},"144":{"start":{"line":145,"column":0},"end":{"line":145,"column":50}},"145":{"start":{"line":146,"column":0},"end":{"line":146,"column":44}},"146":{"start":{"line":147,"column":0},"end":{"line":147,"column":27}},"147":{"start":{"line":148,"column":0},"end":{"line":148,"column":58}},"149":{"start":{"line":150,"column":0},"end":{"line":150,"column":35}},"150":{"start":{"line":151,"column":0},"end":{"line":151,"column":29}},"152":{"start":{"line":153,"column":0},"end":{"line":153,"column":14}},"153":{"start":{"line":154,"column":0},"end":{"line":154,"column":24}},"154":{"start":{"line":155,"column":0},"end":{"line":155,"column":3}},"156":{"start":{"line":157,"column":0},"end":{"line":157,"column":18}},"157":{"start":{"line":158,"column":0},"end":{"line":158,"column":55}},"158":{"start":{"line":159,"column":0},"end":{"line":159,"column":61}},"159":{"start":{"line":160,"column":0},"end":{"line":160,"column":21}},"160":{"start":{"line":161,"column":0},"end":{"line":161,"column":59}},"161":{"start":{"line":162,"column":0},"end":{"line":162,"column":36}},"162":{"start":{"line":163,"column":0},"end":{"line":163,"column":40}},"163":{"start":{"line":164,"column":0},"end":{"line":164,"column":11}},"164":{"start":{"line":165,"column":0},"end":{"line":165,"column":7}},"165":{"start":{"line":166,"column":0},"end":{"line":166,"column":3}},"167":{"start":{"line":168,"column":0},"end":{"line":168,"column":18}},"168":{"start":{"line":169,"column":0},"end":{"line":169,"column":38}},"169":{"start":{"line":170,"column":0},"end":{"line":170,"column":24}},"170":{"start":{"line":171,"column":0},"end":{"line":171,"column":3}},"172":{"start":{"line":173,"column":0},"end":{"line":173,"column":41}},"173":{"start":{"line":174,"column":0},"end":{"line":174,"column":37}},"174":{"start":{"line":175,"column":0},"end":{"line":175,"column":37}},"175":{"start":{"line":176,"column":0},"end":{"line":176,"column":33}},"176":{"start":{"line":177,"column":0},"end":{"line":177,"column":3}},"177":{"start":{"line":178,"column":0},"end":{"line":178,"column":1}}},"s":{"0":1,"5":1,"6":1,"7":1,"8":1,"49":1,"50":1,"142":1,"143":1,"144":1,"145":29,"146":29,"147":29,"149":29,"150":29,"152":29,"153":23,"154":23,"156":29,"157":27,"158":27,"159":27,"160":2,"161":2,"162":2,"163":2,"164":27,"165":27,"167":29,"168":3,"169":3,"170":3,"172":29,"173":96,"174":93,"175":93,"176":96,"177":29},"branchMap":{"0":{"type":"branch","line":145,"loc":{"start":{"line":145,"column":49},"end":{"line":178,"column":1}},"locations":[{"start":{"line":145,"column":49},"end":{"line":178,"column":1}}]},"1":{"type":"branch","line":153,"loc":{"start":{"line":153,"column":2},"end":{"line":155,"column":3}},"locations":[{"start":{"line":153,"column":2},"end":{"line":155,"column":3}}]},"2":{"type":"branch","line":157,"loc":{"start":{"line":157,"column":2},"end":{"line":166,"column":3}},"locations":[{"start":{"line":157,"column":2},"end":{"line":166,"column":3}}]},"3":{"type":"branch","line":159,"loc":{"start":{"line":159,"column":12},"end":{"line":159,"column":61}},"locations":[{"start":{"line":159,"column":12},"end":{"line":159,"column":61}}]},"4":{"type":"branch","line":159,"loc":{"start":{"line":159,"column":45},"end":{"line":159,"column":59}},"locations":[{"start":{"line":159,"column":45},"end":{"line":159,"column":59}}]},"5":{"type":"branch","line":160,"loc":{"start":{"line":160,"column":13},"end":{"line":164,"column":11}},"locations":[{"start":{"line":160,"column":13},"end":{"line":164,"column":11}}]},"6":{"type":"branch","line":168,"loc":{"start":{"line":168,"column":2},"end":{"line":171,"column":3}},"locations":[{"start":{"line":168,"column":2},"end":{"line":171,"column":3}}]},"7":{"type":"branch","line":169,"loc":{"start":{"line":169,"column":27},"end":{"line":169,"column":36}},"locations":[{"start":{"line":169,"column":27},"end":{"line":169,"column":36}}]},"8":{"type":"branch","line":173,"loc":{"start":{"line":173,"column":2},"end":{"line":177,"column":3}},"locations":[{"start":{"line":173,"column":2},"end":{"line":177,"column":3}}]},"9":{"type":"branch","line":174,"loc":{"start":{"line":174,"column":20},"end":{"line":174,"column":37}},"locations":[{"start":{"line":174,"column":20},"end":{"line":174,"column":37}}]},"10":{"type":"branch","line":174,"loc":{"start":{"line":174,"column":27},"end":{"line":176,"column":33}},"locations":[{"start":{"line":174,"column":27},"end":{"line":176,"column":33}}]}},"b":{"0":[29],"1":[23],"2":[27],"3":[25],"4":[1],"5":[2],"6":[3],"7":[3],"8":[96],"9":[3],"10":[93]},"fnMap":{"0":{"name":"<instance_members_initializer>","decl":{"start":{"line":145,"column":49},"end":{"line":178,"column":1}},"loc":{"start":{"line":145,"column":49},"end":{"line":178,"column":1}},"line":145},"1":{"name":"ngOnInit","decl":{"start":{"line":153,"column":2},"end":{"line":155,"column":3}},"loc":{"start":{"line":153,"column":2},"end":{"line":155,"column":3}},"line":153},"2":{"name":"loadSessions","decl":{"start":{"line":157,"column":2},"end":{"line":166,"column":3}},"loc":{"start":{"line":157,"column":2},"end":{"line":166,"column":3}},"line":157},"3":{"name":"next","decl":{"start":{"line":159,"column":12},"end":{"line":159,"column":61}},"loc":{"start":{"line":159,"column":12},"end":{"line":159,"column":61}},"line":159},"4":{"name":"error","decl":{"start":{"line":160,"column":13},"end":{"line":164,"column":11}},"loc":{"start":{"line":160,"column":13},"end":{"line":164,"column":11}},"line":160},"5":{"name":"toggleActive","decl":{"start":{"line":168,"column":2},"end":{"line":171,"column":3}},"loc":{"start":{"line":168,"column":2},"end":{"line":171,"column":3}},"line":168},"6":{"name":"formatDate","decl":{"start":{"line":173,"column":2},"end":{"line":177,"column":3}},"loc":{"start":{"line":173,"column":2},"end":{"line":177,"column":3}},"line":173}},"f":{"0":29,"1":23,"2":27,"3":25,"4":2,"5":3,"6":96}}
}
