TN:
SF:vitest.config.ts
FN:1,(empty-report)
FNF:1
FNH:0
FNDA:0,(empty-report)
DA:1,0
DA:2,0
DA:4,0
DA:5,0
DA:6,0
DA:7,0
DA:8,0
DA:9,0
DA:10,0
DA:11,0
DA:12,0
DA:13,0
DA:14,0
DA:15,0
DA:16,0
DA:17,0
DA:18,0
DA:19,0
DA:20,0
DA:21,0
DA:22,0
DA:23,0
DA:24,0
DA:25,0
DA:26,0
DA:27,0
DA:28,0
DA:29,0
DA:30,0
DA:31,0
DA:32,0
DA:33,0
DA:34,0
DA:35,0
DA:36,0
DA:37,0
DA:38,0
LF:37
LH:0
BRDA:1,0,0,0
BRF:1
BRH:0
end_of_record
TN:
SF:dist\dashboard\browser\chunk-3JFFGBLS.js
FN:1,(empty-report)
FNF:1
FNH:0
FNDA:0,(empty-report)
DA:1,0
LF:1
LH:0
BRDA:1,0,0,0
BRF:1
BRH:0
end_of_record
TN:
SF:dist\dashboard\browser\chunk-6ZN4GOK3.js
FN:1,(empty-report)
FNF:1
FNH:0
FNDA:0,(empty-report)
DA:1,0
LF:1
LH:0
BRDA:1,0,0,0
BRF:1
BRH:0
end_of_record
TN:
SF:dist\dashboard\browser\chunk-73EZ5A45.js
FN:1,(empty-report)
FNF:1
FNH:0
FNDA:0,(empty-report)
DA:1,0
LF:1
LH:0
BRDA:1,0,0,0
BRF:1
BRH:0
end_of_record
TN:
SF:dist\dashboard\browser\chunk-7A3LGISU.js
FN:1,(empty-report)
FNF:1
FNH:0
FNDA:0,(empty-report)
DA:1,0
LF:1
LH:0
BRDA:1,0,0,0
BRF:1
BRH:0
end_of_record
TN:
SF:dist\dashboard\browser\chunk-D3KW5XRL.js
FN:1,(empty-report)
FNF:1
FNH:0
FNDA:0,(empty-report)
DA:1,0
LF:1
LH:0
BRDA:1,0,0,0
BRF:1
BRH:0
end_of_record
TN:
SF:dist\dashboard\browser\chunk-DPYV6SFX.js
FN:1,(empty-report)
FNF:1
FNH:0
FNDA:0,(empty-report)
DA:1,0
LF:1
LH:0
BRDA:1,0,0,0
BRF:1
BRH:0
end_of_record
TN:
SF:dist\dashboard\browser\chunk-F24JZ2PV.js
FN:1,(empty-report)
FNF:1
FNH:0
FNDA:0,(empty-report)
DA:1,0
DA:2,0
DA:3,0
DA:4,0
DA:5,0
LF:5
LH:0
BRDA:1,0,0,0
BRF:1
BRH:0
end_of_record
TN:
SF:dist\dashboard\browser\chunk-FMFMFN2Q.js
FN:1,(empty-report)
FNF:1
FNH:0
FNDA:0,(empty-report)
DA:1,0
LF:1
LH:0
BRDA:1,0,0,0
BRF:1
BRH:0
end_of_record
TN:
SF:dist\dashboard\browser\chunk-G2N6GTYI.js
FN:1,(empty-report)
FNF:1
FNH:0
FNDA:0,(empty-report)
DA:1,0
LF:1
LH:0
BRDA:1,0,0,0
BRF:1
BRH:0
end_of_record
TN:
SF:dist\dashboard\browser\chunk-IMK3R5DN.js
FN:1,(empty-report)
FNF:1
FNH:0
FNDA:0,(empty-report)
DA:1,0
LF:1
LH:0
BRDA:1,0,0,0
BRF:1
BRH:0
end_of_record
TN:
SF:dist\dashboard\browser\chunk-K3DUGT6T.js
FN:1,(empty-report)
FNF:1
FNH:0
FNDA:0,(empty-report)
DA:1,0
LF:1
LH:0
BRDA:1,0,0,0
BRF:1
BRH:0
end_of_record
TN:
SF:dist\dashboard\browser\chunk-KQZQOG22.js
FN:1,(empty-report)
FNF:1
FNH:0
FNDA:0,(empty-report)
DA:1,0
LF:1
LH:0
BRDA:1,0,0,0
BRF:1
BRH:0
end_of_record
TN:
SF:dist\dashboard\browser\chunk-LO4NQAIM.js
FN:1,(empty-report)
FNF:1
FNH:0
FNDA:0,(empty-report)
DA:1,0
LF:1
LH:0
BRDA:1,0,0,0
BRF:1
BRH:0
end_of_record
TN:
SF:dist\dashboard\browser\chunk-LTGPIT4R.js
FN:1,(empty-report)
FNF:1
FNH:0
FNDA:0,(empty-report)
DA:1,0
LF:1
LH:0
BRDA:1,0,0,0
BRF:1
BRH:0
end_of_record
TN:
SF:dist\dashboard\browser\chunk-MIQTMCYX.js
FN:1,(empty-report)
FNF:1
FNH:0
FNDA:0,(empty-report)
DA:1,0
LF:1
LH:0
BRDA:1,0,0,0
BRF:1
BRH:0
end_of_record
TN:
SF:dist\dashboard\browser\chunk-RZGHZMSG.js
FN:1,(empty-report)
FNF:1
FNH:0
FNDA:0,(empty-report)
DA:1,0
LF:1
LH:0
BRDA:1,0,0,0
BRF:1
BRH:0
end_of_record
TN:
SF:dist\dashboard\browser\chunk-SDGS2UBA.js
FN:1,(empty-report)
FNF:1
FNH:0
FNDA:0,(empty-report)
DA:1,0
LF:1
LH:0
BRDA:1,0,0,0
BRF:1
BRH:0
end_of_record
TN:
SF:dist\dashboard\browser\chunk-SGAX7NMG.js
FN:1,(empty-report)
FNF:1
FNH:0
FNDA:0,(empty-report)
DA:1,0
LF:1
LH:0
BRDA:1,0,0,0
BRF:1
BRH:0
end_of_record
TN:
SF:dist\dashboard\browser\chunk-V4S63H4Z.js
FN:1,(empty-report)
FNF:1
FNH:0
FNDA:0,(empty-report)
DA:1,0
LF:1
LH:0
BRDA:1,0,0,0
BRF:1
BRH:0
end_of_record
TN:
SF:dist\dashboard\browser\chunk-W2JMOWGS.js
FN:1,(empty-report)
FNF:1
FNH:0
FNDA:0,(empty-report)
DA:1,0
LF:1
LH:0
BRDA:1,0,0,0
BRF:1
BRH:0
end_of_record
TN:
SF:dist\dashboard\browser\chunk-W65S46GU.js
FN:1,(empty-report)
FNF:1
FNH:0
FNDA:0,(empty-report)
DA:1,0
LF:1
LH:0
BRDA:1,0,0,0
BRF:1
BRH:0
end_of_record
TN:
SF:dist\dashboard\browser\chunk-WU4Y7S4Z.js
FN:1,(empty-report)
FNF:1
FNH:0
FNDA:0,(empty-report)
DA:1,0
LF:1
LH:0
BRDA:1,0,0,0
BRF:1
BRH:0
end_of_record
TN:
SF:dist\dashboard\browser\chunk-WY2BDEN3.js
FN:1,(empty-report)
FNF:1
FNH:0
FNDA:0,(empty-report)
DA:1,0
LF:1
LH:0
BRDA:1,0,0,0
BRF:1
BRH:0
end_of_record
TN:
SF:dist\dashboard\browser\main-VXI55XCN.js
FN:1,(empty-report)
FNF:1
FNH:0
FNDA:0,(empty-report)
DA:1,0
LF:1
LH:0
BRDA:1,0,0,0
BRF:1
BRH:0
end_of_record
TN:
SF:dist\dashboard\browser\polyfills-5CFQRCPP.js
FN:1,(empty-report)
FNF:1
FNH:0
FNDA:0,(empty-report)
DA:1,0
DA:2,0
LF:2
LH:0
BRDA:1,0,0,0
BRF:1
BRH:0
end_of_record
TN:
SF:src\app\app.component.ts
FN:1,(empty-report)
FNF:1
FNH:0
FNDA:0,(empty-report)
DA:1,0
DA:16,0
DA:17,0
DA:18,0
DA:19,0
DA:254,0
DA:658,0
DA:659,0
DA:660,0
DA:661,0
DA:663,0
DA:664,0
DA:665,0
DA:667,0
DA:668,0
DA:669,0
DA:670,0
DA:671,0
DA:672,0
DA:674,0
DA:676,0
DA:677,0
DA:680,0
DA:681,0
DA:682,0
DA:683,0
DA:684,0
DA:685,0
DA:688,0
DA:689,0
DA:690,0
DA:691,0
DA:692,0
DA:693,0
DA:694,0
DA:695,0
DA:696,0
DA:697,0
DA:698,0
DA:699,0
DA:700,0
DA:701,0
DA:702,0
DA:703,0
DA:704,0
DA:705,0
DA:706,0
DA:707,0
DA:708,0
DA:709,0
DA:711,0
DA:712,0
DA:713,0
DA:714,0
DA:715,0
DA:716,0
DA:718,0
DA:719,0
DA:720,0
DA:721,0
DA:722,0
DA:723,0
DA:725,0
DA:726,0
DA:727,0
DA:728,0
DA:730,0
DA:731,0
DA:732,0
DA:733,0
DA:735,0
DA:736,0
DA:737,0
DA:738,0
DA:739,0
DA:740,0
DA:742,0
DA:743,0
DA:744,0
DA:745,0
DA:746,0
DA:747,0
DA:749,0
DA:750,0
DA:751,0
DA:752,0
DA:753,0
DA:754,0
DA:756,0
DA:757,0
DA:758,0
DA:759,0
DA:760,0
DA:762,0
DA:763,0
DA:764,0
DA:765,0
DA:766,0
DA:767,0
DA:768,0
DA:769,0
DA:771,0
DA:772,0
DA:773,0
DA:774,0
DA:776,0
DA:777,0
DA:778,0
DA:779,0
DA:781,0
DA:782,0
DA:783,0
DA:784,0
DA:786,0
DA:787,0
DA:788,0
DA:789,0
DA:790,0
DA:791,0
DA:792,0
DA:793,0
DA:794,0
DA:796,0
DA:797,0
DA:798,0
DA:800,0
DA:801,0
DA:802,0
DA:803,0
DA:804,0
LF:130
LH:0
BRDA:1,0,0,0
BRF:1
BRH:0
end_of_record
TN:
SF:src\app\app.routes.ts
FN:1,(empty-report)
FNF:1
FNH:1
FNDA:1,(empty-report)
DA:3,0
DA:4,0
DA:5,0
DA:6,0
DA:7,0
DA:8,0
DA:9,0
DA:10,0
DA:11,0
DA:12,0
DA:13,0
DA:14,0
DA:15,0
DA:16,0
DA:17,0
DA:18,0
DA:19,0
DA:20,0
DA:21,0
DA:22,0
DA:23,0
DA:24,0
DA:25,0
DA:26,0
DA:27,0
DA:28,0
DA:29,0
DA:30,0
DA:31,0
DA:32,0
DA:33,0
DA:34,0
DA:35,0
DA:36,0
DA:37,0
DA:38,0
DA:39,0
DA:40,0
DA:41,0
DA:42,0
DA:43,0
DA:44,0
DA:45,0
DA:46,0
DA:47,0
DA:48,0
DA:49,0
DA:50,0
DA:51,0
DA:52,0
DA:53,0
DA:54,0
DA:55,0
DA:56,0
DA:57,0
DA:58,0
DA:59,0
DA:60,0
DA:61,0
DA:62,0
DA:63,0
DA:64,0
DA:65,0
DA:66,0
DA:67,0
DA:68,0
DA:69,0
DA:70,0
DA:71,0
DA:72,0
DA:73,0
DA:74,0
DA:75,0
DA:76,0
DA:77,0
DA:78,0
DA:80,0
DA:81,0
DA:82,0
DA:83,0
DA:84,0
DA:85,0
DA:87,0
DA:88,0
LF:84
LH:0
BRDA:1,0,0,1
BRF:1
BRH:1
end_of_record
TN:
SF:src\app\core\components\contradiction-alert.component.ts
FN:1,(empty-report)
FNF:1
FNH:0
FNDA:0,(empty-report)
DA:1,0
DA:27,0
DA:28,0
DA:29,0
DA:30,0
DA:77,0
DA:254,0
DA:255,0
DA:256,0
DA:257,0
DA:258,0
DA:259,0
DA:260,0
DA:262,0
DA:264,0
DA:265,0
DA:266,0
DA:267,0
DA:268,0
DA:269,0
DA:270,0
DA:272,0
DA:273,0
DA:274,0
DA:276,0
DA:277,0
DA:279,0
DA:280,0
DA:281,0
DA:282,0
DA:283,0
DA:284,0
DA:285,0
DA:286,0
DA:288,0
DA:291,0
DA:292,0
DA:293,0
DA:294,0
DA:296,0
DA:297,0
DA:298,0
DA:300,0
DA:301,0
DA:303,0
DA:304,0
DA:305,0
DA:306,0
DA:307,0
DA:308,0
DA:309,0
DA:311,0
DA:312,0
DA:313,0
DA:314,0
DA:315,0
LF:56
LH:0
BRDA:1,0,0,0
BRF:1
BRH:0
end_of_record
TN:
SF:src\app\core\services\api.service.ts
FN:215,<instance_members_initializer>
FN:220,getHealth
FN:224,getStats
FN:229,getSessions
FN:235,getSession
FN:240,getLearnings
FN:248,getFileIntel
FN:252,getHotspots
FN:257,getActiveAgents
FN:262,getCorridors
FN:266,getPersonalLearnings
FN:273,search
FN:280,getBrief
FN:287,getRooms
FN:292,getGraph
FN:299,getActivity
FN:307,getIdeas
FN:315,getDecisions
FN:323,getConversations
FN:338,getConversation
FN:342,getConversationTimeline
FN:346,searchConversations
FN:353,getContextPreview
FN:366,getDecisionTimeline
FN:372,getDecisionChain
FN:377,getPostmortems
FN:384,getPostmortem
FN:388,createPostmortem
FN:392,updatePostmortem
FN:396,deletePostmortem
FN:400,resolvePostmortem
FN:404,convertPostmortemToLearnings
FN:408,getPostmortemStats
FN:413,getScopeExplanation
FN:417,getScopeHierarchy
FN:422,getDecayStats
FN:426,getDecayPreview
FN:431,getSmartBriefing
FNF:38
FNH:13
FNDA:183,<instance_members_initializer>
FNDA:3,getHealth
FNDA:25,getStats
FNDA:29,getSessions
FNDA:2,getSession
FNDA:32,getLearnings
FNDA:4,getFileIntel
FNDA:30,getHotspots
FNDA:25,getActiveAgents
FNDA:28,getCorridors
FNDA:28,getPersonalLearnings
FNDA:1,search
FNDA:0,getBrief
FNDA:1,getRooms
FNDA:0,getGraph
FNDA:0,getActivity
FNDA:0,getIdeas
FNDA:0,getDecisions
FNDA:0,getConversations
FNDA:0,getConversation
FNDA:0,getConversationTimeline
FNDA:0,searchConversations
FNDA:0,getContextPreview
FNDA:0,getDecisionTimeline
FNDA:0,getDecisionChain
FNDA:0,getPostmortems
FNDA:0,getPostmortem
FNDA:0,createPostmortem
FNDA:0,updatePostmortem
FNDA:0,deletePostmortem
FNDA:0,resolvePostmortem
FNDA:0,convertPostmortemToLearnings
FNDA:0,getPostmortemStats
FNDA:0,getScopeExplanation
FNDA:0,getScopeHierarchy
FNDA:0,getDecayStats
FNDA:0,getDecayPreview
FNDA:0,getSmartBriefing
DA:1,1
DA:212,1
DA:213,1
DA:214,1
DA:215,1
DA:216,183
DA:217,183
DA:220,183
DA:221,3
DA:222,3
DA:224,183
DA:225,25
DA:226,25
DA:229,183
DA:230,29
DA:231,29
DA:232,29
DA:233,29
DA:235,183
DA:236,2
DA:237,2
DA:240,183
DA:241,32
DA:242,32
DA:243,32
DA:244,32
DA:245,32
DA:248,183
DA:249,4
DA:250,4
DA:252,183
DA:253,30
DA:254,30
DA:257,183
DA:258,25
DA:259,25
DA:262,183
DA:263,28
DA:264,28
DA:266,183
DA:267,28
DA:268,28
DA:269,28
DA:270,28
DA:273,183
DA:274,1
DA:275,1
DA:276,1
DA:277,1
DA:280,183
DA:281,0
DA:282,0
DA:283,0
DA:284,0
DA:287,183
DA:288,1
DA:289,1
DA:292,183
DA:293,0
DA:294,0
DA:295,0
DA:296,0
DA:299,183
DA:300,0
DA:301,0
DA:302,0
DA:303,0
DA:304,0
DA:307,183
DA:308,0
DA:309,0
DA:310,0
DA:311,0
DA:312,0
DA:315,183
DA:316,0
DA:317,0
DA:318,0
DA:319,0
DA:320,0
DA:323,183
DA:329,0
DA:330,0
DA:331,0
DA:332,0
DA:333,0
DA:334,0
DA:335,0
DA:336,0
DA:338,183
DA:339,0
DA:340,0
DA:342,183
DA:343,0
DA:344,0
DA:346,183
DA:347,0
DA:348,0
DA:349,0
DA:350,0
DA:353,183
DA:358,0
DA:359,0
DA:360,0
DA:361,0
DA:362,0
DA:363,0
DA:366,183
DA:367,0
DA:368,0
DA:369,0
DA:370,0
DA:372,183
DA:373,0
DA:374,0
DA:377,183
DA:378,0
DA:379,0
DA:380,0
DA:381,0
DA:382,0
DA:384,183
DA:385,0
DA:386,0
DA:388,183
DA:389,0
DA:390,0
DA:392,183
DA:393,0
DA:394,0
DA:396,183
DA:397,0
DA:398,0
DA:400,183
DA:401,0
DA:402,0
DA:404,183
DA:405,0
DA:406,0
DA:408,183
DA:409,0
DA:410,0
DA:413,183
DA:414,0
DA:415,0
DA:417,183
DA:418,0
DA:419,0
DA:422,183
DA:423,0
DA:424,0
DA:426,183
DA:427,0
DA:428,0
DA:431,183
DA:432,0
DA:433,0
DA:434,0
DA:435,0
DA:436,0
DA:437,0
DA:438,183
LF:162
LH:78
BRDA:215,0,0,183
BRDA:220,1,0,3
BRDA:224,2,0,25
BRDA:229,3,0,29
BRDA:235,4,0,2
BRDA:240,5,0,32
BRDA:242,6,0,1
BRDA:243,7,0,5
BRDA:248,8,0,4
BRDA:252,9,0,30
BRDA:257,10,0,25
BRDA:262,11,0,28
BRDA:266,12,0,28
BRDA:268,13,0,0
BRDA:273,14,0,1
BRDA:287,15,0,1
BRF:16
BRH:15
end_of_record
TN:
SF:src\app\core\services\logger.service.ts
FN:57,<instance_members_initializer>
FN:65,LoggerService
FN:73,debug
FN:81,info
FN:89,warn
FN:97,error
FN:106,fatal
FN:119,forContext
FN:127,log
FN:170,logToConsole
FN:191,getConsoleMethod
FN:211,initializeRemoteLogging
FN:224,error
FN:228,sendLogsToBackend
FN:253,generateSessionId
FN:263,ContextLogger
FN:268,debug
FN:272,info
FN:276,warn
FN:280,error
FN:288,fatal
FNF:21
FNH:13
FNDA:186,<instance_members_initializer>
FNDA:186,LoggerService
FNDA:0,debug
FNDA:0,info
FNDA:1,warn
FNDA:12,error
FNDA:0,fatal
FNDA:186,forContext
FNDA:13,log
FNDA:13,logToConsole
FNDA:13,getConsoleMethod
FNDA:186,initializeRemoteLogging
FNDA:0,error
FNDA:0,sendLogsToBackend
FNDA:186,generateSessionId
FNDA:186,ContextLogger
FNDA:0,debug
FNDA:0,info
FNDA:1,warn
FNDA:12,error
FNDA:0,fatal
DA:1,1
DA:10,1
DA:11,1
DA:12,1
DA:13,1
DA:14,1
DA:15,1
DA:40,1
DA:42,1
DA:43,1
DA:44,1
DA:45,1
DA:46,1
DA:47,1
DA:48,1
DA:49,1
DA:50,1
DA:56,1
DA:57,1
DA:58,186
DA:59,186
DA:60,186
DA:62,186
DA:63,186
DA:65,186
DA:66,186
DA:67,186
DA:73,186
DA:74,0
DA:75,0
DA:76,0
DA:77,0
DA:78,0
DA:79,0
DA:81,186
DA:82,0
DA:83,0
DA:84,0
DA:85,0
DA:86,0
DA:87,0
DA:89,186
DA:90,1
DA:91,1
DA:92,1
DA:93,1
DA:94,1
DA:95,1
DA:97,186
DA:98,12
DA:99,12
DA:100,12
DA:101,12
DA:102,12
DA:103,12
DA:104,12
DA:106,186
DA:107,0
DA:108,0
DA:109,0
DA:110,0
DA:111,0
DA:112,0
DA:113,0
DA:119,186
DA:120,186
DA:121,186
DA:127,186
DA:128,13
DA:129,13
DA:130,13
DA:131,13
DA:132,13
DA:134,13
DA:135,0
DA:136,0
DA:138,13
DA:139,13
DA:140,13
DA:141,13
DA:142,13
DA:143,13
DA:144,13
DA:145,13
DA:148,13
DA:149,12
DA:150,12
DA:151,1
DA:152,1
DA:153,12
DA:156,13
DA:157,13
DA:158,13
DA:161,13
DA:162,0
DA:163,0
DA:164,13
DA:170,186
DA:171,13
DA:172,13
DA:173,13
DA:175,13
DA:177,13
DA:178,13
DA:179,13
DA:180,0
DA:181,0
DA:184,13
DA:185,1
DA:186,1
DA:187,1
DA:188,1
DA:189,13
DA:191,186
DA:192,13
DA:193,13
DA:194,0
DA:195,13
DA:196,0
DA:197,13
DA:198,1
DA:199,13
DA:200,13
DA:201,12
DA:202,13
DA:203,0
DA:204,13
DA:205,13
DA:211,186
DA:212,186
DA:213,186
DA:214,186
DA:217,0
DA:218,0
DA:219,0
DA:220,0
DA:221,0
DA:222,0
DA:223,0
DA:224,0
DA:225,0
DA:226,186
DA:228,186
DA:229,0
DA:230,0
DA:231,0
DA:233,0
DA:234,0
DA:235,0
DA:237,0
DA:238,0
DA:239,0
DA:240,0
DA:241,0
DA:242,0
DA:244,0
DA:245,0
DA:246,0
DA:247,0
DA:253,186
DA:254,186
DA:255,186
DA:256,186
DA:262,1
DA:263,1
DA:264,186
DA:265,186
DA:266,186
DA:268,1
DA:269,0
DA:270,0
DA:272,1
DA:273,0
DA:274,0
DA:276,1
DA:277,1
DA:278,1
DA:280,1
DA:281,12
DA:282,12
DA:283,12
DA:284,12
DA:285,12
DA:286,12
DA:288,1
DA:289,0
DA:290,0
DA:291,0
DA:292,0
DA:293,0
DA:294,0
DA:295,1
LF:192
LH:129
BRDA:43,0,0,0
BRDA:10,1,0,6
BRDA:57,2,0,186
BRDA:65,3,0,186
BRDA:89,4,0,1
BRDA:97,5,0,12
BRDA:119,6,0,186
BRDA:127,7,0,13
BRDA:134,8,0,0
BRDA:148,9,0,12
BRDA:150,10,0,1
BRDA:161,11,0,0
BRDA:170,12,0,13
BRDA:172,13,0,0
BRDA:177,14,0,0
BRDA:179,15,0,0
BRDA:184,16,0,1
BRDA:184,17,0,1
BRDA:191,18,0,13
BRDA:193,19,0,0
BRDA:195,20,0,0
BRDA:197,21,0,1
BRDA:199,22,0,12
BRDA:200,23,0,12
BRDA:202,24,0,0
BRDA:211,25,0,186
BRDA:212,26,0,0
BRDA:214,27,0,0
BRDA:253,28,0,186
BRDA:263,29,0,186
BRDA:276,30,0,1
BRDA:280,31,0,12
BRF:32
BRH:21
end_of_record
TN:
SF:src\app\core\services\websocket.service.ts
FN:12,<instance_members_initializer>
FN:26,connect
FN:37,socket.onopen
FN:42,socket.onclose
FN:47,socket.onerror
FN:52,socket.onmessage
FN:73,disconnect
FN:84,get events
FN:91,send
FN:105,attemptReconnect
FNF:10
FNH:10
FNDA:19,<instance_members_initializer>
FNDA:14,connect
FNDA:12,socket.onopen
FNDA:13,socket.onclose
FNDA:1,socket.onerror
FNDA:5,socket.onmessage
FNDA:22,disconnect
FNDA:5,get events
FNDA:2,send
FNDA:13,attemptReconnect
DA:1,1
DA:11,1
DA:12,1
DA:13,19
DA:14,19
DA:15,19
DA:16,19
DA:17,19
DA:18,19
DA:19,19
DA:21,19
DA:26,19
DA:27,14
DA:28,2
DA:29,2
DA:31,14
DA:32,14
DA:34,14
DA:35,14
DA:37,14
DA:38,12
DA:39,12
DA:40,12
DA:42,14
DA:43,13
DA:44,13
DA:45,13
DA:47,14
DA:48,1
DA:49,1
DA:50,1
DA:52,14
DA:53,5
DA:54,5
DA:55,5
DA:56,5
DA:57,1
DA:58,1
DA:59,1
DA:60,1
DA:61,5
DA:62,14
DA:63,0
DA:64,0
DA:65,0
DA:66,0
DA:67,0
DA:68,14
DA:73,19
DA:74,22
DA:75,12
DA:76,12
DA:77,12
DA:78,22
DA:79,22
DA:84,19
DA:85,5
DA:86,5
DA:91,19
DA:92,2
DA:93,1
DA:94,1
DA:95,1
DA:96,1
DA:97,1
DA:98,1
DA:99,1
DA:100,2
DA:105,19
DA:106,13
DA:107,0
DA:108,0
DA:110,13
DA:111,13
DA:113,13
DA:114,0
DA:115,13
DA:116,13
DA:117,19
LF:79
LH:71
BRDA:12,0,0,19
BRDA:26,1,0,14
BRDA:27,2,0,1
BRDA:27,3,0,2
BRDA:29,4,0,12
BRDA:31,5,0,1
BRDA:31,6,0,11
BRDA:62,7,0,0
BRDA:37,8,0,12
BRDA:42,9,0,13
BRDA:47,10,0,1
BRDA:52,11,0,5
BRDA:56,12,0,1
BRDA:73,13,0,22
BRDA:74,14,0,12
BRDA:84,15,0,5
BRDA:91,16,0,2
BRDA:92,17,0,1
BRDA:92,18,0,1
BRDA:97,19,0,0
BRDA:105,20,0,13
BRDA:106,21,0,0
BRF:22
BRH:19
end_of_record
TN:
SF:src\app\features\context-preview\context-preview.component.ts
FN:1,(empty-report)
FNF:1
FNH:0
FNDA:0,(empty-report)
DA:1,0
DA:6,0
DA:7,0
DA:8,0
DA:9,0
DA:220,0
DA:669,0
DA:670,0
DA:671,0
DA:672,0
DA:674,0
DA:675,0
DA:676,0
DA:677,0
DA:678,0
DA:680,0
DA:681,0
DA:682,0
DA:684,0
DA:685,0
DA:686,0
DA:687,0
DA:688,0
DA:690,0
DA:691,0
DA:693,0
DA:694,0
DA:696,0
DA:697,0
DA:698,0
DA:699,0
DA:700,0
DA:701,0
DA:702,0
DA:703,0
DA:704,0
DA:705,0
DA:706,0
DA:707,0
DA:708,0
DA:709,0
DA:710,0
DA:711,0
DA:712,0
DA:714,0
DA:715,0
DA:716,0
DA:717,0
DA:718,0
DA:720,0
DA:721,0
DA:722,0
DA:723,0
DA:724,0
DA:726,0
DA:727,0
DA:728,0
DA:730,0
DA:731,0
DA:732,0
DA:733,0
DA:734,0
DA:735,0
LF:63
LH:0
BRDA:1,0,0,0
BRF:1
BRH:0
end_of_record
TN:
SF:src\app\features\contradictions\contradictions.component.ts
FN:1,(empty-report)
FNF:1
FNH:0
FNDA:0,(empty-report)
DA:1,0
DA:30,0
DA:31,0
DA:32,0
DA:33,0
DA:228,0
DA:229,0
DA:577,0
DA:578,0
DA:579,0
DA:580,0
DA:582,0
DA:583,0
DA:584,0
DA:585,0
DA:586,0
DA:588,0
DA:589,0
DA:590,0
DA:592,0
DA:593,0
DA:594,0
DA:596,0
DA:597,0
DA:598,0
DA:599,0
DA:600,0
DA:601,0
DA:602,0
DA:603,0
DA:604,0
DA:605,0
DA:606,0
DA:607,0
DA:608,0
DA:610,0
DA:611,0
DA:612,0
DA:613,0
DA:614,0
DA:615,0
DA:616,0
DA:618,0
DA:620,0
DA:621,0
DA:622,0
DA:623,0
DA:624,0
DA:625,0
DA:626,0
DA:627,0
DA:628,0
DA:629,0
DA:631,0
DA:632,0
DA:633,0
DA:634,0
DA:635,0
DA:636,0
DA:637,0
DA:638,0
DA:639,0
DA:640,0
DA:641,0
DA:642,0
DA:643,0
DA:644,0
DA:645,0
DA:646,0
DA:647,0
DA:648,0
DA:649,0
DA:650,0
DA:651,0
DA:652,0
DA:653,0
DA:654,0
DA:656,0
DA:657,0
DA:658,0
DA:659,0
DA:661,0
DA:662,0
DA:664,0
DA:665,0
DA:667,0
DA:669,0
DA:670,0
DA:671,0
DA:672,0
DA:674,0
DA:675,0
DA:676,0
DA:677,0
DA:678,0
DA:680,0
DA:681,0
DA:682,0
DA:684,0
DA:685,0
DA:686,0
LF:101
LH:0
BRDA:1,0,0,0
BRF:1
BRH:0
end_of_record
TN:
SF:src\app\features\conversations\conversations.component.ts
FN:1,(empty-report)
FNF:1
FNH:0
FNDA:0,(empty-report)
DA:1,0
DA:53,0
DA:54,0
DA:55,0
DA:56,0
DA:323,0
DA:324,0
DA:872,0
DA:873,0
DA:874,0
DA:875,0
DA:876,0
DA:877,0
DA:878,0
DA:879,0
DA:880,0
DA:882,0
DA:883,0
DA:884,0
DA:885,0
DA:886,0
DA:887,0
DA:888,0
DA:890,0
DA:891,0
DA:894,0
DA:895,0
DA:896,0
DA:897,0
DA:898,0
DA:899,0
DA:901,0
DA:902,0
DA:903,0
DA:904,0
DA:905,0
DA:906,0
DA:907,0
DA:908,0
DA:909,0
DA:910,0
DA:911,0
DA:912,0
DA:913,0
DA:914,0
DA:915,0
DA:916,0
DA:917,0
DA:919,0
DA:920,0
DA:921,0
DA:922,0
DA:923,0
DA:924,0
DA:925,0
DA:926,0
DA:927,0
DA:928,0
DA:929,0
DA:930,0
DA:931,0
DA:932,0
DA:933,0
DA:935,0
DA:936,0
DA:937,0
DA:939,0
DA:941,0
DA:943,0
DA:944,0
DA:945,0
DA:946,0
DA:947,0
DA:948,0
DA:949,0
DA:950,0
DA:951,0
DA:952,0
DA:953,0
DA:954,0
DA:955,0
DA:956,0
DA:957,0
DA:958,0
DA:960,0
DA:961,0
DA:962,0
DA:963,0
DA:964,0
DA:966,0
DA:968,0
DA:969,0
DA:970,0
DA:971,0
DA:972,0
DA:973,0
DA:975,0
DA:976,0
DA:977,0
DA:978,0
DA:979,0
DA:980,0
DA:981,0
DA:982,0
DA:983,0
DA:984,0
DA:985,0
DA:986,0
DA:987,0
DA:988,0
DA:989,0
DA:990,0
DA:991,0
DA:993,0
DA:994,0
DA:995,0
DA:996,0
DA:997,0
DA:999,0
DA:1000,0
DA:1001,0
DA:1003,0
DA:1004,0
DA:1006,0
DA:1007,0
DA:1008,0
DA:1009,0
DA:1010,0
DA:1011,0
DA:1012,0
LF:130
LH:0
BRDA:1,0,0,0
BRF:1
BRH:0
end_of_record
TN:
SF:src\app\features\corridors\corridors.component.ts
FN:201,<instance_members_initializer>
FN:210,ngOnInit
FN:214,loadData
FN:216,next
FN:220,error
FN:227,next
FN:228,error
FN:236,formatConfidence
FN:241,formatDate
FNF:9
FNH:9
FNDA:37,<instance_members_initializer>
FNDA:27,ngOnInit
FNDA:28,loadData
FNDA:27,next
FNDA:1,error
FNDA:27,next
FNDA:1,error
FNDA:83,formatConfidence
FNDA:94,formatDate
DA:1,1
DA:21,1
DA:22,1
DA:23,1
DA:24,1
DA:83,1
DA:84,1
DA:199,1
DA:200,1
DA:201,1
DA:202,37
DA:203,37
DA:204,37
DA:206,37
DA:207,37
DA:208,37
DA:210,37
DA:211,27
DA:212,27
DA:214,37
DA:215,28
DA:216,28
DA:217,27
DA:218,27
DA:219,27
DA:220,28
DA:221,1
DA:222,1
DA:223,1
DA:224,28
DA:226,28
DA:227,28
DA:228,28
DA:229,1
DA:230,1
DA:231,1
DA:232,1
DA:233,28
DA:234,28
DA:236,37
DA:237,83
DA:238,27
DA:239,83
DA:241,37
DA:242,94
DA:243,91
DA:244,91
DA:245,94
DA:246,37
LF:49
LH:49
BRDA:201,0,0,37
BRDA:210,1,0,27
BRDA:214,2,0,28
BRDA:216,3,0,27
BRDA:218,4,0,1
BRDA:220,5,0,1
BRDA:227,6,0,27
BRDA:227,7,0,1
BRDA:228,8,0,1
BRDA:236,9,0,83
BRDA:237,10,0,56
BRDA:237,11,0,27
BRDA:241,12,0,94
BRDA:242,13,0,3
BRDA:242,14,0,91
BRF:15
BRH:15
end_of_record
TN:
SF:src\app\features\decision-timeline\decision-timeline.component.ts
FN:1,(empty-report)
FNF:1
FNH:0
FNDA:0,(empty-report)
DA:1,0
DA:6,0
DA:7,0
DA:8,0
DA:9,0
DA:194,0
DA:677,0
DA:678,0
DA:679,0
DA:680,0
DA:682,0
DA:683,0
DA:684,0
DA:685,0
DA:687,0
DA:688,0
DA:690,0
DA:692,0
DA:693,0
DA:694,0
DA:696,0
DA:697,0
DA:698,0
DA:699,0
DA:700,0
DA:701,0
DA:702,0
DA:703,0
DA:704,0
DA:705,0
DA:706,0
DA:707,0
DA:708,0
DA:709,0
DA:711,0
DA:712,0
DA:713,0
DA:714,0
DA:715,0
DA:717,0
DA:718,0
DA:719,0
DA:721,0
DA:722,0
DA:723,0
DA:724,0
DA:725,0
DA:726,0
DA:729,0
DA:730,0
DA:731,0
DA:732,0
DA:733,0
DA:734,0
DA:735,0
DA:736,0
DA:738,0
DA:739,0
DA:740,0
DA:741,0
DA:742,0
DA:744,0
DA:745,0
DA:746,0
DA:748,0
DA:749,0
DA:750,0
DA:751,0
DA:752,0
DA:753,0
DA:754,0
DA:755,0
DA:756,0
DA:757,0
DA:758,0
DA:760,0
DA:761,0
DA:762,0
DA:764,0
DA:765,0
DA:766,0
DA:767,0
DA:768,0
DA:769,0
DA:771,0
DA:772,0
DA:773,0
DA:774,0
DA:775,0
DA:776,0
DA:777,0
DA:778,0
DA:779,0
DA:780,0
LF:94
LH:0
BRDA:1,0,0,0
BRF:1
BRH:0
end_of_record
TN:
SF:src\app\features\decisions\decisions.component.ts
FN:1,(empty-report)
FNF:1
FNH:0
FNDA:0,(empty-report)
DA:1,0
DA:6,0
DA:7,0
DA:8,0
DA:9,0
DA:78,0
DA:271,0
DA:272,0
DA:273,0
DA:274,0
DA:276,0
DA:277,0
DA:278,0
DA:280,0
DA:281,0
DA:282,0
DA:284,0
DA:285,0
DA:286,0
DA:287,0
DA:288,0
DA:289,0
DA:290,0
DA:291,0
DA:292,0
DA:293,0
DA:294,0
DA:295,0
DA:296,0
DA:298,0
DA:299,0
DA:300,0
DA:301,0
DA:302,0
DA:303,0
DA:305,0
DA:306,0
DA:307,0
DA:308,0
DA:309,0
DA:310,0
LF:41
LH:0
BRDA:1,0,0,0
BRF:1
BRH:0
end_of_record
TN:
SF:src\app\features\explore\explore.component.ts
FN:1,(empty-report)
FNF:1
FNH:0
FNDA:0,(empty-report)
DA:1,0
DA:5,0
DA:6,0
DA:7,0
DA:8,0
DA:47,0
DA:105,0
DA:106,0
DA:107,0
LF:9
LH:0
BRDA:1,0,0,0
BRF:1
BRH:0
end_of_record
TN:
SF:src\app\features\graph\graph.component.ts
FN:1,(empty-report)
FNF:1
FNH:0
FNDA:0,(empty-report)
DA:1,0
DA:24,0
DA:25,0
DA:26,0
DA:27,0
DA:126,0
DA:363,0
DA:364,0
DA:365,0
DA:366,0
DA:368,0
DA:370,0
DA:371,0
DA:372,0
DA:374,0
DA:375,0
DA:376,0
DA:377,0
DA:378,0
DA:379,0
DA:381,0
DA:382,0
DA:383,0
DA:384,0
DA:385,0
DA:386,0
DA:387,0
DA:388,0
DA:390,0
DA:392,0
DA:393,0
DA:394,0
DA:396,0
DA:397,0
DA:398,0
DA:399,0
DA:400,0
DA:402,0
DA:403,0
DA:404,0
DA:406,0
DA:407,0
DA:408,0
DA:409,0
DA:410,0
DA:411,0
DA:412,0
DA:414,0
DA:416,0
DA:417,0
DA:419,0
DA:420,0
DA:421,0
DA:423,0
DA:424,0
DA:425,0
DA:427,0
DA:428,0
DA:429,0
DA:430,0
DA:431,0
DA:432,0
DA:433,0
DA:434,0
DA:435,0
DA:436,0
DA:437,0
DA:438,0
DA:439,0
DA:440,0
DA:441,0
DA:442,0
DA:444,0
DA:445,0
DA:446,0
DA:448,0
DA:449,0
DA:451,0
DA:453,0
DA:454,0
DA:455,0
DA:456,0
DA:457,0
DA:458,0
DA:460,0
DA:461,0
DA:463,0
DA:464,0
DA:465,0
DA:466,0
DA:467,0
DA:468,0
DA:469,0
DA:470,0
DA:471,0
DA:472,0
DA:473,0
DA:474,0
DA:475,0
DA:476,0
DA:477,0
DA:478,0
DA:480,0
DA:481,0
DA:482,0
DA:483,0
DA:484,0
DA:485,0
DA:486,0
DA:487,0
DA:488,0
DA:489,0
DA:490,0
DA:491,0
DA:492,0
DA:493,0
DA:494,0
DA:495,0
DA:497,0
DA:498,0
DA:500,0
DA:501,0
DA:503,0
DA:504,0
DA:507,0
DA:508,0
DA:510,0
DA:511,0
DA:512,0
DA:513,0
DA:514,0
DA:515,0
DA:516,0
DA:517,0
DA:518,0
DA:519,0
DA:520,0
DA:523,0
DA:524,0
DA:525,0
DA:526,0
DA:527,0
DA:528,0
DA:529,0
DA:532,0
DA:533,0
DA:534,0
DA:535,0
DA:536,0
DA:537,0
DA:538,0
DA:541,0
DA:542,0
DA:543,0
DA:544,0
DA:545,0
DA:546,0
DA:547,0
DA:548,0
DA:549,0
DA:550,0
DA:551,0
DA:552,0
DA:553,0
DA:556,0
DA:557,0
DA:558,0
DA:559,0
DA:560,0
DA:561,0
DA:562,0
DA:563,0
DA:564,0
DA:565,0
DA:566,0
DA:567,0
DA:570,0
DA:571,0
DA:572,0
DA:573,0
DA:574,0
DA:575,0
DA:576,0
DA:579,0
DA:580,0
DA:581,0
DA:582,0
DA:583,0
DA:584,0
DA:586,0
DA:587,0
DA:590,0
DA:591,0
DA:593,0
DA:594,0
DA:595,0
DA:596,0
DA:597,0
DA:598,0
DA:599,0
DA:601,0
DA:602,0
DA:603,0
DA:604,0
DA:606,0
DA:607,0
DA:608,0
DA:609,0
DA:610,0
DA:611,0
DA:612,0
DA:614,0
DA:615,0
DA:617,0
DA:618,0
DA:620,0
DA:621,0
DA:622,0
DA:623,0
DA:625,0
DA:626,0
DA:627,0
DA:628,0
DA:629,0
LF:224
LH:0
BRDA:1,0,0,0
BRF:1
BRH:0
end_of_record
TN:
SF:src\app\features\ideas\ideas.component.ts
FN:1,(empty-report)
FNF:1
FNH:0
FNDA:0,(empty-report)
DA:1,0
DA:6,0
DA:7,0
DA:8,0
DA:9,0
DA:73,0
DA:244,0
DA:245,0
DA:246,0
DA:247,0
DA:249,0
DA:250,0
DA:251,0
DA:253,0
DA:254,0
DA:255,0
DA:257,0
DA:258,0
DA:259,0
DA:260,0
DA:261,0
DA:262,0
DA:263,0
DA:264,0
DA:265,0
DA:266,0
DA:267,0
DA:268,0
DA:269,0
DA:271,0
DA:272,0
DA:273,0
DA:274,0
DA:275,0
DA:276,0
DA:278,0
DA:279,0
DA:280,0
DA:281,0
DA:282,0
DA:283,0
LF:41
LH:0
BRDA:1,0,0,0
BRF:1
BRH:0
end_of_record
TN:
SF:src\app\features\insights\insights.component.ts
FN:1,(empty-report)
FNF:1
FNH:0
FNDA:0,(empty-report)
DA:1,0
DA:5,0
DA:6,0
DA:7,0
DA:8,0
DA:97,0
DA:157,0
DA:158,0
DA:159,0
LF:9
LH:0
BRDA:1,0,0,0
BRF:1
BRH:0
end_of_record
TN:
SF:src\app\features\intel\intel.component.ts
FN:773,<instance_members_initializer>
FN:787,ngOnInit
FN:791,loadData
FN:794,next
FN:802,error
FN:811,totalEdits
FN:815,totalFailures
FN:819,getHeatColor
FN:828,getFileName
FN:833,getEditPercentage
FN:837,getFailurePercentage
FN:842,getFailureRate
FN:847,selectFile
FN:852,loadFileLearnings
FN:854,next
FN:857,error
FN:861,buildFileTree
FN:903,toggleNode
FN:908,countFiles
FNF:19
FNH:19
FNDA:42,<instance_members_initializer>
FNDA:29,ngOnInit
FNDA:30,loadData
FNDA:28,next
FNDA:2,error
FNDA:6,totalEdits
FNDA:6,totalFailures
FNDA:15,getHeatColor
FNDA:15,getFileName
FNDA:1,getEditPercentage
FNDA:3,getFailurePercentage
FNDA:3,getFailureRate
FNDA:4,selectFile
FNDA:4,loadFileLearnings
FNDA:3,next
FNDA:1,error
FNDA:28,buildFileTree
FNDA:1,toggleNode
FNDA:7,countFiles
DA:1,1
DA:19,1
DA:20,1
DA:21,1
DA:22,1
DA:276,1
DA:277,1
DA:771,1
DA:772,1
DA:773,1
DA:774,42
DA:775,42
DA:777,42
DA:778,42
DA:779,42
DA:780,42
DA:781,42
DA:782,42
DA:783,42
DA:785,42
DA:787,42
DA:788,29
DA:789,29
DA:791,42
DA:792,30
DA:793,30
DA:794,30
DA:795,28
DA:796,28
DA:797,28
DA:798,28
DA:799,28
DA:800,28
DA:801,28
DA:802,30
DA:803,2
DA:804,2
DA:805,2
DA:806,2
DA:807,2
DA:808,30
DA:809,30
DA:811,42
DA:812,6
DA:813,6
DA:815,42
DA:816,6
DA:817,6
DA:819,42
DA:820,15
DA:822,15
DA:823,15
DA:824,15
DA:825,5
DA:826,15
DA:828,42
DA:829,15
DA:830,15
DA:831,15
DA:833,42
DA:834,1
DA:835,1
DA:837,42
DA:838,3
DA:839,2
DA:840,3
DA:842,42
DA:843,3
DA:844,2
DA:845,3
DA:847,42
DA:848,4
DA:849,4
DA:850,4
DA:852,42
DA:853,4
DA:854,4
DA:855,3
DA:856,3
DA:857,4
DA:858,4
DA:859,4
DA:861,42
DA:862,28
DA:863,28
DA:865,28
DA:866,62
DA:867,62
DA:869,62
DA:870,172
DA:871,172
DA:872,172
DA:873,172
DA:875,172
DA:876,136
DA:877,136
DA:878,136
DA:879,136
DA:880,136
DA:881,136
DA:882,136
DA:883,136
DA:885,136
DA:886,110
DA:887,110
DA:888,110
DA:889,110
DA:890,136
DA:891,26
DA:892,26
DA:893,172
DA:894,0
DA:895,0
DA:896,0
DA:897,172
DA:898,62
DA:900,28
DA:901,28
DA:903,42
DA:904,1
DA:905,1
DA:906,1
DA:908,42
DA:909,7
DA:910,7
DA:911,6
DA:912,6
DA:913,7
DA:914,7
DA:915,42
LF:130
LH:127
BRDA:773,0,0,42
BRDA:787,1,0,29
BRDA:791,2,0,30
BRDA:794,3,0,28
BRDA:795,4,0,1
BRDA:797,5,0,1
BRDA:798,6,0,62
BRDA:802,7,0,2
BRDA:811,8,0,6
BRDA:812,9,0,15
BRDA:815,10,0,6
BRDA:816,11,0,15
BRDA:819,12,0,15
BRDA:822,13,0,1
BRDA:822,14,0,14
BRDA:823,15,0,4
BRDA:823,16,0,10
BRDA:824,17,0,5
BRDA:828,18,0,15
BRDA:830,19,0,1
BRDA:833,20,0,1
BRDA:837,21,0,3
BRDA:838,22,0,1
BRDA:838,23,0,2
BRDA:842,24,0,3
BRDA:843,25,0,1
BRDA:843,26,0,2
BRDA:847,27,0,4
BRDA:852,28,0,4
BRDA:854,29,0,3
BRDA:855,30,0,0
BRDA:857,31,0,1
BRDA:861,32,0,28
BRDA:865,33,0,62
BRDA:869,34,0,172
BRDA:873,35,0,110
BRDA:873,36,0,62
BRDA:875,37,0,136
BRDA:880,38,0,62
BRDA:880,39,0,74
BRDA:885,40,0,110
BRDA:890,41,0,26
BRDA:893,42,0,36
BRDA:893,43,0,0
BRDA:866,44,0,172
BRDA:903,45,0,1
BRDA:908,46,0,7
BRDA:909,47,0,3
BRDA:909,48,0,4
BRDA:910,49,0,6
BRF:50
BRH:48
end_of_record
TN:
SF:src\app\features\learnings\learnings.component.ts
FN:155,<instance_members_initializer>
FN:163,ngOnInit
FN:167,loadLearnings
FN:169,next
FN:170,error
FN:178,search
FNF:6
FNH:6
FNDA:31,<instance_members_initializer>
FNDA:27,ngOnInit
FNDA:30,loadLearnings
FNDA:28,next
FNDA:2,error
FNDA:2,search
DA:1,1
DA:7,1
DA:8,1
DA:9,1
DA:10,1
DA:54,1
DA:55,1
DA:153,1
DA:154,1
DA:155,1
DA:156,31
DA:157,31
DA:158,31
DA:160,31
DA:161,31
DA:163,31
DA:164,27
DA:165,27
DA:167,31
DA:168,30
DA:169,30
DA:170,30
DA:171,2
DA:172,2
DA:173,2
DA:174,2
DA:175,30
DA:176,30
DA:178,31
DA:179,2
DA:180,2
DA:181,31
LF:32
LH:32
BRDA:155,0,0,31
BRDA:163,1,0,27
BRDA:167,2,0,30
BRDA:169,3,0,28
BRDA:169,4,0,1
BRDA:170,5,0,2
BRDA:178,6,0,2
BRF:7
BRH:7
end_of_record
TN:
SF:src\app\features\overview\overview.component.ts
FN:208,<instance_members_initializer>
FN:216,ngOnInit
FN:221,loadStats
FN:223,next
FN:224,error
FN:231,loadAgents
FN:233,next
FN:234,error
FN:241,formatTime
FNF:9
FNH:9
FNDA:28,<instance_members_initializer>
FNDA:22,ngOnInit
FNDA:23,loadStats
FNDA:22,next
FNDA:1,error
FNDA:23,loadAgents
FNDA:22,next
FNDA:1,error
FNDA:18,formatTime
DA:1,1
DA:11,1
DA:12,1
DA:13,1
DA:14,1
DA:92,1
DA:93,1
DA:206,1
DA:207,1
DA:208,1
DA:209,28
DA:210,28
DA:211,28
DA:213,28
DA:214,28
DA:216,28
DA:217,22
DA:218,22
DA:219,22
DA:221,28
DA:222,23
DA:223,23
DA:224,23
DA:225,1
DA:226,1
DA:227,1
DA:228,23
DA:229,23
DA:231,28
DA:232,23
DA:233,23
DA:234,23
DA:235,1
DA:236,1
DA:237,1
DA:238,23
DA:239,23
DA:241,28
DA:242,18
DA:243,15
DA:244,15
DA:245,18
DA:246,28
LF:43
LH:43
BRDA:208,0,0,28
BRDA:216,1,0,22
BRDA:221,2,0,23
BRDA:223,3,0,22
BRDA:224,4,0,1
BRDA:231,5,0,23
BRDA:233,6,0,22
BRDA:233,7,0,2
BRDA:234,8,0,1
BRDA:241,9,0,18
BRDA:242,10,0,3
BRDA:242,11,0,15
BRF:12
BRH:12
end_of_record
TN:
SF:src\app\features\overview\neural-map\neural-map-legend.component.ts
FNF:0
FNH:0
DA:1,1
DA:4,1
DA:5,1
DA:6,1
DA:7,1
DA:69,1
DA:112,1
DA:113,1
DA:114,1
LF:9
LH:9
BRF:0
BRH:0
end_of_record
TN:
SF:src\app\features\overview\neural-map\neural-map.component.ts
FN:369,<instance_members_initializer>
FNF:1
FNH:0
FNDA:0,<instance_members_initializer>
DA:1,1
DA:9,1
DA:10,1
DA:11,1
DA:12,1
DA:110,1
DA:367,1
DA:368,1
DA:369,1
DA:370,0
DA:371,0
DA:373,0
DA:374,0
DA:376,0
DA:378,0
DA:379,0
DA:380,0
DA:381,0
DA:383,0
DA:384,0
DA:385,0
DA:386,0
DA:388,0
DA:389,0
DA:390,0
DA:391,0
DA:393,0
DA:394,0
DA:395,0
DA:396,0
DA:398,0
DA:399,0
DA:400,0
DA:402,0
DA:403,0
DA:404,0
DA:406,0
DA:407,0
DA:408,0
DA:409,0
DA:410,0
DA:412,0
DA:413,0
DA:414,0
DA:415,0
DA:416,0
DA:417,0
DA:418,0
DA:419,0
DA:420,0
DA:421,0
DA:422,0
DA:423,0
DA:424,0
DA:425,0
DA:426,0
DA:427,0
DA:429,0
DA:430,0
DA:432,0
DA:433,0
DA:435,0
DA:436,0
DA:437,0
DA:438,0
DA:439,0
DA:440,0
DA:441,0
DA:442,0
DA:444,0
DA:445,0
DA:447,0
DA:450,0
DA:451,0
DA:453,0
DA:454,0
DA:457,0
DA:458,0
DA:459,0
DA:460,0
DA:461,0
DA:462,0
DA:463,0
DA:465,0
DA:466,0
DA:467,0
DA:468,0
DA:469,0
DA:470,0
DA:471,0
DA:472,0
DA:473,0
DA:474,0
DA:475,0
DA:476,0
DA:477,0
DA:480,0
DA:481,0
DA:482,0
DA:483,0
DA:484,0
DA:485,0
DA:487,0
DA:488,0
DA:489,0
DA:491,0
DA:492,0
DA:493,0
DA:494,0
DA:496,0
DA:497,0
DA:498,0
DA:499,0
DA:500,0
DA:501,0
DA:503,0
DA:504,0
DA:506,0
DA:507,0
DA:508,0
DA:509,0
DA:510,0
DA:512,0
DA:513,0
DA:514,0
DA:515,0
DA:517,0
DA:518,0
DA:520,0
DA:523,0
DA:524,0
DA:525,0
DA:528,0
DA:529,0
DA:530,0
DA:531,0
DA:532,0
DA:533,0
DA:536,0
DA:537,0
DA:538,0
DA:539,0
DA:540,0
DA:541,0
DA:542,0
DA:543,0
DA:544,0
DA:545,0
DA:546,0
DA:547,0
DA:548,0
DA:549,0
DA:550,0
DA:551,0
DA:554,0
DA:555,0
DA:556,0
DA:557,0
DA:558,0
DA:559,0
DA:560,0
DA:561,0
DA:562,0
DA:565,0
DA:566,0
DA:567,0
DA:568,0
DA:569,0
DA:570,0
DA:571,0
DA:572,0
DA:573,0
DA:576,0
DA:577,0
DA:579,0
DA:581,0
DA:582,0
DA:583,0
DA:584,0
DA:585,0
DA:586,0
DA:587,0
DA:589,0
DA:590,0
DA:591,0
DA:592,0
DA:593,0
DA:594,0
DA:595,0
DA:597,0
DA:598,0
DA:599,0
DA:600,0
DA:601,0
DA:602,0
DA:603,0
DA:604,0
DA:606,0
DA:607,0
DA:608,0
DA:609,0
DA:610,0
DA:611,0
DA:612,0
DA:613,0
DA:614,0
DA:615,0
DA:616,0
DA:617,0
DA:619,0
DA:620,0
DA:621,0
DA:622,0
DA:623,0
DA:624,0
DA:625,0
DA:628,0
DA:629,0
DA:630,0
DA:631,0
DA:632,0
DA:633,0
DA:634,0
DA:635,0
DA:638,0
DA:639,0
DA:640,0
DA:641,0
DA:642,0
DA:643,0
DA:644,0
DA:645,0
DA:646,0
DA:647,0
DA:648,0
DA:649,0
DA:650,0
DA:651,0
DA:652,0
DA:653,0
DA:656,0
DA:657,0
DA:658,0
DA:659,0
DA:660,0
DA:661,0
DA:663,0
DA:664,0
DA:667,0
DA:668,0
DA:670,0
DA:671,0
DA:672,0
DA:673,0
DA:674,0
DA:675,0
DA:676,0
DA:677,0
DA:679,0
DA:680,0
DA:681,0
DA:682,0
DA:683,0
DA:684,0
DA:686,0
DA:687,0
DA:688,0
DA:689,0
DA:690,0
DA:691,0
DA:692,0
DA:694,0
DA:695,0
DA:696,0
DA:697,0
DA:699,0
DA:700,0
DA:701,0
DA:702,0
DA:703,0
DA:704,0
DA:705,0
DA:707,0
DA:708,0
DA:709,0
DA:712,0
DA:713,0
DA:714,0
DA:715,0
DA:716,0
DA:717,0
DA:718,0
DA:720,0
DA:721,0
DA:723,0
DA:724,0
DA:725,0
DA:726,0
DA:727,0
DA:728,0
DA:731,0
DA:732,0
DA:733,0
DA:734,0
DA:736,0
DA:737,0
DA:738,0
DA:739,0
DA:740,0
DA:742,0
DA:743,0
DA:744,0
DA:745,0
DA:746,0
DA:748,0
DA:749,0
DA:750,0
DA:751,0
DA:753,0
DA:754,0
DA:755,0
DA:756,0
DA:758,0
DA:759,0
DA:761,0
DA:762,0
DA:764,0
DA:765,0
DA:766,0
DA:767,0
DA:768,0
DA:769,0
DA:771,0
DA:772,0
DA:773,0
DA:775,0
DA:776,0
DA:777,0
DA:778,0
DA:779,0
DA:781,0
DA:782,0
DA:784,0
DA:785,0
DA:786,0
DA:787,0
DA:788,0
DA:789,0
DA:790,0
DA:791,0
DA:792,0
LF:351
LH:9
BRDA:369,0,0,0
BRF:1
BRH:0
end_of_record
TN:
SF:src\app\features\overview\neural-map\neural-map.service.ts
FN:13,<instance_members_initializer>
FNF:1
FNH:0
FNDA:0,<instance_members_initializer>
DA:1,1
DA:7,1
DA:8,1
DA:10,1
DA:11,1
DA:12,1
DA:13,1
DA:14,0
DA:16,0
DA:17,0
DA:18,0
DA:19,0
DA:20,0
DA:21,0
DA:22,0
DA:23,0
DA:24,0
DA:25,0
DA:27,0
DA:32,0
DA:33,0
DA:34,0
DA:35,0
DA:38,0
DA:39,0
DA:40,0
DA:41,0
DA:42,0
DA:45,0
DA:48,0
DA:49,0
DA:50,0
DA:51,0
DA:53,0
DA:54,0
DA:55,0
DA:56,0
DA:59,0
DA:60,0
DA:61,0
DA:62,0
DA:64,0
DA:65,0
DA:66,0
DA:67,0
DA:70,0
DA:71,0
DA:72,0
DA:73,0
DA:75,0
DA:76,0
DA:77,0
DA:78,0
DA:81,0
DA:84,0
DA:87,0
DA:90,0
DA:91,0
DA:93,0
DA:94,0
DA:95,0
DA:96,0
DA:97,0
DA:98,0
DA:99,0
DA:100,0
DA:101,0
DA:102,0
DA:103,0
DA:104,0
DA:105,0
DA:107,0
DA:108,0
DA:109,0
DA:110,0
DA:111,0
DA:112,0
DA:113,0
DA:114,0
DA:115,0
DA:117,0
DA:119,0
DA:120,0
DA:121,0
DA:123,0
DA:124,0
DA:125,0
DA:126,0
DA:127,0
DA:129,0
DA:130,0
DA:131,0
DA:132,0
DA:133,0
DA:134,0
DA:135,0
DA:138,0
DA:139,0
DA:140,0
DA:142,0
DA:143,0
DA:144,0
DA:145,0
DA:146,0
DA:147,0
DA:148,0
DA:149,0
DA:150,0
DA:151,0
DA:152,0
DA:153,0
DA:154,0
DA:157,0
DA:158,0
DA:159,0
DA:161,0
DA:162,0
DA:163,0
DA:165,0
DA:166,0
DA:169,0
DA:170,0
DA:171,0
DA:172,0
DA:173,0
DA:174,0
DA:175,0
DA:176,0
DA:177,0
DA:179,0
DA:180,0
DA:181,0
DA:182,0
DA:183,0
DA:184,0
DA:185,0
DA:186,0
DA:187,0
DA:189,0
DA:190,0
DA:191,0
DA:192,0
DA:193,0
DA:194,0
DA:195,0
DA:196,0
DA:197,0
DA:198,0
DA:199,0
DA:200,0
DA:203,0
DA:204,0
DA:205,0
DA:207,0
DA:208,0
DA:209,0
DA:210,0
DA:211,0
DA:212,0
DA:213,0
DA:214,0
DA:215,0
DA:216,0
DA:217,0
DA:218,0
DA:219,0
DA:220,0
DA:222,0
DA:224,0
DA:225,0
DA:228,0
DA:230,0
DA:231,0
DA:232,0
DA:233,0
DA:234,0
DA:235,0
DA:236,0
DA:237,0
DA:238,0
DA:239,0
DA:242,0
DA:243,0
DA:244,0
DA:245,0
DA:246,0
DA:247,0
DA:248,0
DA:249,0
DA:250,0
DA:251,0
DA:252,0
DA:253,0
DA:254,0
DA:256,0
DA:257,0
DA:259,0
DA:261,0
DA:262,0
DA:263,0
DA:265,0
DA:266,0
DA:267,0
DA:268,0
DA:269,0
DA:270,0
DA:271,0
DA:273,0
DA:274,0
DA:275,0
DA:276,0
DA:277,0
DA:278,0
DA:280,0
DA:281,0
DA:282,0
DA:285,0
DA:286,0
DA:287,0
DA:288,0
DA:289,0
DA:290,0
DA:291,0
DA:293,0
DA:294,0
DA:295,0
DA:296,0
DA:297,0
DA:298,0
DA:299,0
DA:302,0
DA:303,0
DA:304,0
DA:305,0
DA:306,0
DA:307,0
DA:308,0
DA:311,0
DA:312,0
DA:313,0
DA:314,0
DA:315,0
DA:316,0
DA:317,0
DA:318,0
DA:319,0
DA:321,0
DA:322,0
DA:324,0
DA:325,0
DA:326,0
DA:328,0
DA:329,0
DA:330,0
DA:332,0
DA:334,0
DA:335,0
DA:337,0
DA:338,0
DA:340,0
DA:341,0
DA:342,0
DA:344,0
DA:346,0
DA:347,0
DA:348,0
DA:349,0
DA:351,0
DA:354,0
DA:355,0
DA:356,0
DA:357,0
DA:358,0
DA:361,0
DA:362,0
DA:363,0
DA:364,0
DA:366,0
DA:367,0
DA:369,0
DA:370,0
DA:371,0
DA:372,0
DA:373,0
LF:284
LH:7
BRDA:13,0,0,0
BRF:1
BRH:0
end_of_record
TN:
SF:src\app\features\overview\neural-map\neural-map.types.ts
FNF:0
FNH:0
DA:38,1
DA:39,1
DA:40,1
DA:41,1
DA:42,1
DA:43,1
DA:44,1
DA:46,1
DA:47,1
DA:48,1
DA:49,1
DA:50,1
DA:51,1
DA:52,1
DA:53,1
DA:54,1
DA:56,1
DA:57,1
DA:58,1
DA:59,1
DA:60,1
DA:61,1
DA:62,1
LF:23
LH:23
BRF:0
BRH:0
end_of_record
TN:
SF:src\app\features\postmortems\postmortems.component.ts
FN:1,(empty-report)
FNF:1
FNH:0
FNDA:0,(empty-report)
DA:1,0
DA:6,0
DA:7,0
DA:8,0
DA:9,0
DA:206,0
DA:615,0
DA:616,0
DA:617,0
DA:618,0
DA:620,0
DA:621,0
DA:622,0
DA:623,0
DA:624,0
DA:625,0
DA:626,0
DA:627,0
DA:629,0
DA:630,0
DA:632,0
DA:633,0
DA:634,0
DA:635,0
DA:637,0
DA:638,0
DA:639,0
DA:640,0
DA:641,0
DA:642,0
DA:644,0
DA:645,0
DA:646,0
DA:647,0
DA:648,0
DA:649,0
DA:650,0
DA:651,0
DA:652,0
DA:653,0
DA:654,0
DA:656,0
DA:657,0
DA:658,0
DA:659,0
DA:660,0
DA:661,0
DA:663,0
DA:664,0
DA:665,0
DA:666,0
DA:667,0
DA:668,0
DA:669,0
DA:670,0
DA:672,0
DA:673,0
DA:674,0
DA:676,0
DA:677,0
DA:679,0
DA:680,0
DA:681,0
DA:682,0
DA:683,0
DA:684,0
DA:685,0
DA:686,0
DA:687,0
DA:688,0
DA:689,0
DA:690,0
DA:691,0
DA:692,0
DA:693,0
DA:694,0
DA:696,0
DA:697,0
DA:698,0
DA:700,0
DA:701,0
DA:703,0
DA:704,0
DA:705,0
DA:706,0
DA:707,0
DA:708,0
DA:709,0
DA:710,0
DA:711,0
DA:712,0
DA:713,0
DA:714,0
DA:715,0
DA:717,0
DA:718,0
DA:719,0
DA:720,0
DA:721,0
DA:722,0
LF:100
LH:0
BRDA:1,0,0,0
BRF:1
BRH:0
end_of_record
TN:
SF:src\app\features\rooms\rooms.component.ts
FN:1,(empty-report)
FNF:1
FNH:0
FNDA:0,(empty-report)
DA:1,0
DA:6,0
DA:7,0
DA:8,0
DA:9,0
DA:128,0
DA:345,0
DA:346,0
DA:347,0
DA:348,0
DA:350,0
DA:351,0
DA:352,0
DA:353,0
DA:354,0
DA:355,0
DA:356,0
DA:358,0
DA:359,0
DA:360,0
DA:362,0
DA:363,0
DA:364,0
DA:366,0
DA:367,0
DA:368,0
DA:369,0
DA:370,0
DA:371,0
DA:372,0
DA:373,0
DA:374,0
DA:375,0
DA:376,0
DA:377,0
DA:379,0
DA:380,0
DA:381,0
DA:382,0
DA:383,0
DA:384,0
DA:386,0
DA:387,0
DA:388,0
DA:389,0
DA:390,0
DA:391,0
DA:392,0
DA:394,0
DA:395,0
DA:396,0
DA:397,0
DA:398,0
DA:399,0
DA:400,0
DA:401,0
DA:402,0
DA:404,0
DA:405,0
DA:406,0
DA:407,0
DA:409,0
DA:410,0
DA:411,0
DA:413,0
DA:414,0
DA:415,0
DA:416,0
LF:68
LH:0
BRDA:1,0,0,0
BRF:1
BRH:0
end_of_record
TN:
SF:src\app\features\scope-explorer\scope-explorer.component.ts
FN:1,(empty-report)
FNF:1
FNH:0
FNDA:0,(empty-report)
DA:1,0
DA:6,0
DA:7,0
DA:8,0
DA:9,0
DA:185,0
DA:637,0
DA:638,0
DA:639,0
DA:640,0
DA:642,0
DA:643,0
DA:644,0
DA:645,0
DA:646,0
DA:647,0
DA:649,0
DA:650,0
DA:652,0
DA:653,0
DA:654,0
DA:656,0
DA:657,0
DA:658,0
DA:659,0
DA:660,0
DA:661,0
DA:662,0
DA:663,0
DA:664,0
DA:665,0
DA:666,0
DA:667,0
DA:669,0
DA:670,0
DA:671,0
DA:672,0
DA:673,0
DA:674,0
DA:675,0
DA:676,0
DA:677,0
DA:679,0
DA:682,0
DA:683,0
DA:686,0
DA:687,0
DA:688,0
DA:689,0
DA:690,0
DA:694,0
DA:695,0
DA:696,0
DA:697,0
DA:698,0
DA:700,0
DA:701,0
DA:702,0
DA:703,0
DA:704,0
DA:705,0
DA:706,0
DA:707,0
DA:708,0
DA:710,0
DA:711,0
DA:712,0
DA:713,0
DA:714,0
DA:715,0
DA:716,0
DA:717,0
DA:718,0
DA:720,0
DA:721,0
DA:722,0
DA:723,0
DA:724,0
DA:725,0
DA:726,0
DA:727,0
LF:81
LH:0
BRDA:1,0,0,0
BRF:1
BRH:0
end_of_record
TN:
SF:src\app\features\sessions\sessions.component.ts
FN:145,<instance_members_initializer>
FN:153,ngOnInit
FN:157,loadSessions
FN:159,next
FN:160,error
FN:168,toggleActive
FN:173,formatDate
FNF:7
FNH:7
FNDA:29,<instance_members_initializer>
FNDA:23,ngOnInit
FNDA:27,loadSessions
FNDA:25,next
FNDA:2,error
FNDA:3,toggleActive
FNDA:96,formatDate
DA:1,1
DA:6,1
DA:7,1
DA:8,1
DA:9,1
DA:50,1
DA:51,1
DA:143,1
DA:144,1
DA:145,1
DA:146,29
DA:147,29
DA:148,29
DA:150,29
DA:151,29
DA:153,29
DA:154,23
DA:155,23
DA:157,29
DA:158,27
DA:159,27
DA:160,27
DA:161,2
DA:162,2
DA:163,2
DA:164,2
DA:165,27
DA:166,27
DA:168,29
DA:169,3
DA:170,3
DA:171,3
DA:173,29
DA:174,96
DA:175,93
DA:176,93
DA:177,96
DA:178,29
LF:38
LH:38
BRDA:145,0,0,29
BRDA:153,1,0,23
BRDA:157,2,0,27
BRDA:159,3,0,25
BRDA:159,4,0,1
BRDA:160,5,0,2
BRDA:168,6,0,3
BRDA:169,7,0,3
BRDA:173,8,0,96
BRDA:174,9,0,3
BRDA:174,10,0,93
BRF:11
BRH:11
end_of_record
